{"/home/wafula/Desktop/numida-test-task/web/codegen.ts": {"path":"/home/wafula/Desktop/numida-test-task/web/codegen.ts","all":true,"statementMap":{"0":{"start":{"line":1,"column":0},"end":{"line":1,"column":53}},"1":{"start":{"line":2,"column":0},"end":{"line":2,"column":0}},"2":{"start":{"line":3,"column":0},"end":{"line":3,"column":31}},"3":{"start":{"line":4,"column":0},"end":{"line":4,"column":41}},"4":{"start":{"line":5,"column":0},"end":{"line":5,"column":34}},"5":{"start":{"line":6,"column":0},"end":{"line":6,"column":13}},"6":{"start":{"line":7,"column":0},"end":{"line":7,"column":27}},"7":{"start":{"line":8,"column":0},"end":{"line":8,"column":20}},"8":{"start":{"line":9,"column":0},"end":{"line":9,"column":15}},"9":{"start":{"line":10,"column":0},"end":{"line":10,"column":18}},"10":{"start":{"line":11,"column":0},"end":{"line":11,"column":22}},"11":{"start":{"line":12,"column":0},"end":{"line":12,"column":4}},"12":{"start":{"line":13,"column":0},"end":{"line":13,"column":3}},"13":{"start":{"line":14,"column":0},"end":{"line":14,"column":3}},"14":{"start":{"line":15,"column":0},"end":{"line":15,"column":25}},"15":{"start":{"line":16,"column":0},"end":{"line":16,"column":2}},"16":{"start":{"line":17,"column":0},"end":{"line":17,"column":0}},"17":{"start":{"line":18,"column":0},"end":{"line":18,"column":22}}},"s":{"0":0,"1":0,"2":0,"3":0,"4":0,"5":0,"6":0,"7":0,"8":0,"9":0,"10":0,"11":0,"12":0,"13":0,"14":0,"15":0,"16":0,"17":0},"branchMap":{"0":{"type":"branch","line":1,"loc":{"start":{"line":1,"column":350},"end":{"line":18,"column":22}},"locations":[{"start":{"line":1,"column":350},"end":{"line":18,"column":22}}]}},"b":{"0":[0]},"fnMap":{"0":{"name":"(empty-report)","decl":{"start":{"line":1,"column":350},"end":{"line":18,"column":22}},"loc":{"start":{"line":1,"column":350},"end":{"line":18,"column":22}},"line":1}},"f":{"0":0}}
,"/home/wafula/Desktop/numida-test-task/web/src/App.tsx": {"path":"/home/wafula/Desktop/numida-test-task/web/src/App.tsx","all":false,"statementMap":{"0":{"start":{"line":1,"column":0},"end":{"line":1,"column":33}},"1":{"start":{"line":2,"column":0},"end":{"line":2,"column":42}},"2":{"start":{"line":3,"column":0},"end":{"line":3,"column":52}},"3":{"start":{"line":4,"column":0},"end":{"line":4,"column":73}},"4":{"start":{"line":5,"column":0},"end":{"line":5,"column":52}},"5":{"start":{"line":6,"column":0},"end":{"line":6,"column":55}},"6":{"start":{"line":7,"column":0},"end":{"line":7,"column":72}},"7":{"start":{"line":8,"column":0},"end":{"line":8,"column":64}},"8":{"start":{"line":9,"column":0},"end":{"line":9,"column":60}},"9":{"start":{"line":10,"column":0},"end":{"line":10,"column":67}},"10":{"start":{"line":11,"column":0},"end":{"line":11,"column":19}},"11":{"start":{"line":12,"column":0},"end":{"line":12,"column":0}},"12":{"start":{"line":13,"column":0},"end":{"line":13,"column":16}},"13":{"start":{"line":14,"column":0},"end":{"line":14,"column":76}},"14":{"start":{"line":15,"column":0},"end":{"line":15,"column":71}},"15":{"start":{"line":16,"column":0},"end":{"line":16,"column":40}},"16":{"start":{"line":17,"column":0},"end":{"line":17,"column":23}},"17":{"start":{"line":18,"column":0},"end":{"line":18,"column":5}},"18":{"start":{"line":19,"column":0},"end":{"line":19,"column":0}},"19":{"start":{"line":20,"column":0},"end":{"line":20,"column":36}},"20":{"start":{"line":21,"column":0},"end":{"line":21,"column":14}},"21":{"start":{"line":22,"column":0},"end":{"line":22,"column":4}},"22":{"start":{"line":23,"column":0},"end":{"line":23,"column":0}},"23":{"start":{"line":24,"column":0},"end":{"line":24,"column":54}},"24":{"start":{"line":25,"column":0},"end":{"line":25,"column":54}},"25":{"start":{"line":26,"column":0},"end":{"line":26,"column":19}},"26":{"start":{"line":27,"column":0},"end":{"line":27,"column":14}},"27":{"start":{"line":28,"column":0},"end":{"line":28,"column":44}},"28":{"start":{"line":29,"column":0},"end":{"line":29,"column":8}},"29":{"start":{"line":30,"column":0},"end":{"line":30,"column":60}},"30":{"start":{"line":31,"column":0},"end":{"line":31,"column":2}},"31":{"start":{"line":32,"column":0},"end":{"line":32,"column":51}},"32":{"start":{"line":33,"column":0},"end":{"line":33,"column":43}},"33":{"start":{"line":34,"column":0},"end":{"line":34,"column":21}},"34":{"start":{"line":35,"column":0},"end":{"line":35,"column":5}},"35":{"start":{"line":36,"column":0},"end":{"line":36,"column":15}},"36":{"start":{"line":37,"column":0},"end":{"line":37,"column":23}},"37":{"start":{"line":38,"column":0},"end":{"line":38,"column":0}},"38":{"start":{"line":39,"column":0},"end":{"line":39,"column":10}},"39":{"start":{"line":40,"column":0},"end":{"line":40,"column":25}},"40":{"start":{"line":41,"column":0},"end":{"line":41,"column":73}},"41":{"start":{"line":42,"column":0},"end":{"line":42,"column":0}},"42":{"start":{"line":43,"column":0},"end":{"line":43,"column":38}},"43":{"start":{"line":44,"column":0},"end":{"line":44,"column":21}},"44":{"start":{"line":45,"column":0},"end":{"line":45,"column":40}},"45":{"start":{"line":46,"column":0},"end":{"line":46,"column":83}},"46":{"start":{"line":47,"column":0},"end":{"line":47,"column":16}},"47":{"start":{"line":48,"column":0},"end":{"line":48,"column":10}},"48":{"start":{"line":49,"column":0},"end":{"line":49,"column":0}},"49":{"start":{"line":50,"column":0},"end":{"line":50,"column":19}},"50":{"start":{"line":51,"column":0},"end":{"line":51,"column":38}},"51":{"start":{"line":52,"column":0},"end":{"line":52,"column":78}},"52":{"start":{"line":53,"column":0},"end":{"line":53,"column":16}},"53":{"start":{"line":54,"column":0},"end":{"line":54,"column":10}},"54":{"start":{"line":55,"column":0},"end":{"line":55,"column":0}},"55":{"start":{"line":56,"column":0},"end":{"line":56,"column":32}},"56":{"start":{"line":57,"column":0},"end":{"line":57,"column":37}},"57":{"start":{"line":58,"column":0},"end":{"line":58,"column":17}},"58":{"start":{"line":59,"column":0},"end":{"line":59,"column":48}},"59":{"start":{"line":60,"column":0},"end":{"line":60,"column":72}},"60":{"start":{"line":61,"column":0},"end":{"line":61,"column":53}},"61":{"start":{"line":62,"column":0},"end":{"line":62,"column":52}},"62":{"start":{"line":63,"column":0},"end":{"line":63,"column":75}},"63":{"start":{"line":64,"column":0},"end":{"line":64,"column":24}},"64":{"start":{"line":65,"column":0},"end":{"line":65,"column":21}},"65":{"start":{"line":66,"column":0},"end":{"line":66,"column":23}},"66":{"start":{"line":67,"column":0},"end":{"line":67,"column":59}},"67":{"start":{"line":68,"column":0},"end":{"line":68,"column":31}},"68":{"start":{"line":69,"column":0},"end":{"line":69,"column":80}},"69":{"start":{"line":70,"column":0},"end":{"line":70,"column":41}},"70":{"start":{"line":71,"column":0},"end":{"line":71,"column":24}},"71":{"start":{"line":72,"column":0},"end":{"line":72,"column":23}},"72":{"start":{"line":73,"column":0},"end":{"line":73,"column":24}},"73":{"start":{"line":74,"column":0},"end":{"line":74,"column":18}},"74":{"start":{"line":75,"column":0},"end":{"line":75,"column":24}},"75":{"start":{"line":76,"column":0},"end":{"line":76,"column":18}},"76":{"start":{"line":77,"column":0},"end":{"line":77,"column":0}},"77":{"start":{"line":78,"column":0},"end":{"line":78,"column":42}},"78":{"start":{"line":79,"column":0},"end":{"line":79,"column":32}},"79":{"start":{"line":80,"column":0},"end":{"line":80,"column":18}},"80":{"start":{"line":81,"column":0},"end":{"line":81,"column":16}},"81":{"start":{"line":82,"column":0},"end":{"line":82,"column":10}},"82":{"start":{"line":83,"column":0},"end":{"line":83,"column":12}},"83":{"start":{"line":84,"column":0},"end":{"line":84,"column":0}},"84":{"start":{"line":85,"column":0},"end":{"line":85,"column":22}},"85":{"start":{"line":86,"column":0},"end":{"line":86,"column":38}},"86":{"start":{"line":87,"column":0},"end":{"line":87,"column":55}},"87":{"start":{"line":88,"column":0},"end":{"line":88,"column":43}},"88":{"start":{"line":89,"column":0},"end":{"line":89,"column":27}},"89":{"start":{"line":90,"column":0},"end":{"line":90,"column":8}},"90":{"start":{"line":91,"column":0},"end":{"line":91,"column":10}},"91":{"start":{"line":92,"column":0},"end":{"line":92,"column":4}},"92":{"start":{"line":93,"column":0},"end":{"line":93,"column":1}},"93":{"start":{"line":94,"column":0},"end":{"line":94,"column":0}},"94":{"start":{"line":95,"column":0},"end":{"line":95,"column":19}}},"s":{"0":1,"1":1,"2":1,"3":1,"4":1,"5":1,"6":1,"7":1,"8":1,"9":1,"10":1,"11":1,"12":16,"13":16,"14":16,"15":16,"16":16,"17":16,"18":16,"19":16,"20":0,"21":0,"22":16,"23":16,"24":16,"25":16,"26":24,"27":24,"28":16,"29":16,"30":16,"31":16,"32":24,"33":24,"34":24,"35":24,"36":16,"37":16,"38":16,"39":16,"40":16,"41":16,"42":16,"43":16,"44":7,"45":7,"46":7,"47":16,"48":16,"49":16,"50":2,"51":2,"52":2,"53":16,"54":16,"55":16,"56":7,"57":7,"58":7,"59":7,"60":7,"61":1,"62":1,"63":1,"64":6,"65":6,"66":6,"67":24,"68":24,"69":24,"70":24,"71":6,"72":6,"73":7,"74":7,"75":7,"76":7,"77":7,"78":7,"79":7,"80":7,"81":16,"82":16,"83":16,"84":16,"85":16,"86":16,"87":16,"88":16,"89":16,"90":16,"91":16,"92":16,"93":1,"94":1},"branchMap":{"0":{"type":"branch","line":13,"loc":{"start":{"line":13,"column":0},"end":{"line":93,"column":1}},"locations":[{"start":{"line":13,"column":0},"end":{"line":93,"column":1}}]},"1":{"type":"branch","line":24,"loc":{"start":{"line":24,"column":29},"end":{"line":24,"column":51}},"locations":[{"start":{"line":24,"column":29},"end":{"line":24,"column":51}}]},"2":{"type":"branch","line":24,"loc":{"start":{"line":24,"column":42},"end":{"line":24,"column":54}},"locations":[{"start":{"line":24,"column":42},"end":{"line":24,"column":54}}]},"3":{"type":"branch","line":44,"loc":{"start":{"line":44,"column":9},"end":{"line":47,"column":16}},"locations":[{"start":{"line":44,"column":9},"end":{"line":47,"column":16}}]},"4":{"type":"branch","line":50,"loc":{"start":{"line":50,"column":9},"end":{"line":53,"column":16}},"locations":[{"start":{"line":50,"column":9},"end":{"line":53,"column":16}}]},"5":{"type":"branch","line":56,"loc":{"start":{"line":56,"column":10},"end":{"line":56,"column":32}},"locations":[{"start":{"line":56,"column":10},"end":{"line":56,"column":32}}]},"6":{"type":"branch","line":56,"loc":{"start":{"line":56,"column":22},"end":{"line":81,"column":16}},"locations":[{"start":{"line":56,"column":22},"end":{"line":81,"column":16}}]},"7":{"type":"branch","line":61,"loc":{"start":{"line":61,"column":48},"end":{"line":64,"column":24}},"locations":[{"start":{"line":61,"column":48},"end":{"line":64,"column":24}}]},"8":{"type":"branch","line":64,"loc":{"start":{"line":64,"column":18},"end":{"line":73,"column":24}},"locations":[{"start":{"line":64,"column":18},"end":{"line":73,"column":24}}]},"9":{"type":"branch","line":25,"loc":{"start":{"line":25,"column":12},"end":{"line":25,"column":53}},"locations":[{"start":{"line":25,"column":12},"end":{"line":25,"column":53}}]},"10":{"type":"branch","line":26,"loc":{"start":{"line":26,"column":9},"end":{"line":29,"column":6}},"locations":[{"start":{"line":26,"column":9},"end":{"line":29,"column":6}}]},"11":{"type":"branch","line":28,"loc":{"start":{"line":28,"column":25},"end":{"line":28,"column":44}},"locations":[{"start":{"line":28,"column":25},"end":{"line":28,"column":44}}]},"12":{"type":"branch","line":32,"loc":{"start":{"line":32,"column":35},"end":{"line":37,"column":5}},"locations":[{"start":{"line":32,"column":35},"end":{"line":37,"column":5}}]},"13":{"type":"branch","line":33,"loc":{"start":{"line":33,"column":18},"end":{"line":33,"column":39}},"locations":[{"start":{"line":33,"column":18},"end":{"line":33,"column":39}}]},"14":{"type":"branch","line":41,"loc":{"start":{"line":41,"column":33},"end":{"line":41,"column":71}},"locations":[{"start":{"line":41,"column":33},"end":{"line":41,"column":71}}]},"15":{"type":"branch","line":67,"loc":{"start":{"line":67,"column":45},"end":{"line":71,"column":24}},"locations":[{"start":{"line":67,"column":45},"end":{"line":71,"column":24}}]},"16":{"type":"branch","line":70,"loc":{"start":{"line":70,"column":24},"end":{"line":70,"column":41}},"locations":[{"start":{"line":70,"column":24},"end":{"line":70,"column":41}}]}},"b":{"0":[16],"1":[7],"2":[9],"3":[7],"4":[2],"5":[9],"6":[7],"7":[1],"8":[6],"9":[24],"10":[24],"11":[0],"12":[24],"13":[36],"14":[2],"15":[24],"16":[6]},"fnMap":{"0":{"name":"App","decl":{"start":{"line":13,"column":0},"end":{"line":93,"column":1}},"loc":{"start":{"line":13,"column":0},"end":{"line":93,"column":1}},"line":13},"1":{"name":"handlePaymentAdded","decl":{"start":{"line":20,"column":29},"end":{"line":22,"column":4}},"loc":{"start":{"line":20,"column":29},"end":{"line":22,"column":4}},"line":20},"2":{"name":"onAddPaymentClick","decl":{"start":{"line":41,"column":33},"end":{"line":41,"column":71}},"loc":{"start":{"line":41,"column":33},"end":{"line":41,"column":71}},"line":41},"3":{"name":"onRetry","decl":{"start":{"line":52,"column":59},"end":{"line":52,"column":76}},"loc":{"start":{"line":52,"column":59},"end":{"line":52,"column":76}},"line":52},"4":{"name":"onClose","decl":{"start":{"line":87,"column":17},"end":{"line":87,"column":55}},"loc":{"start":{"line":87,"column":17},"end":{"line":87,"column":55}},"line":87}},"f":{"0":16,"1":0,"2":2,"3":0,"4":0}}
,"/home/wafula/Desktop/numida-test-task/web/src/main.tsx": {"path":"/home/wafula/Desktop/numida-test-task/web/src/main.tsx","all":true,"statementMap":{"0":{"start":{"line":1,"column":0},"end":{"line":1,"column":34}},"1":{"start":{"line":2,"column":0},"end":{"line":2,"column":45}},"2":{"start":{"line":3,"column":0},"end":{"line":3,"column":77}},"3":{"start":{"line":4,"column":0},"end":{"line":4,"column":20}},"4":{"start":{"line":5,"column":0},"end":{"line":5,"column":27}},"5":{"start":{"line":6,"column":0},"end":{"line":6,"column":48}},"6":{"start":{"line":7,"column":0},"end":{"line":7,"column":0}},"7":{"start":{"line":8,"column":0},"end":{"line":8,"column":33}},"8":{"start":{"line":9,"column":0},"end":{"line":9,"column":39}},"9":{"start":{"line":10,"column":0},"end":{"line":10,"column":29}},"10":{"start":{"line":11,"column":0},"end":{"line":11,"column":19}},"11":{"start":{"line":12,"column":0},"end":{"line":12,"column":17}},"12":{"start":{"line":13,"column":0},"end":{"line":13,"column":25}},"13":{"start":{"line":14,"column":0},"end":{"line":14,"column":6}},"14":{"start":{"line":15,"column":0},"end":{"line":15,"column":12}},"15":{"start":{"line":16,"column":0},"end":{"line":16,"column":25}},"16":{"start":{"line":17,"column":0},"end":{"line":17,"column":6}},"17":{"start":{"line":18,"column":0},"end":{"line":18,"column":4}},"18":{"start":{"line":19,"column":0},"end":{"line":19,"column":3}},"19":{"start":{"line":20,"column":0},"end":{"line":20,"column":0}},"20":{"start":{"line":21,"column":0},"end":{"line":21,"column":52}},"21":{"start":{"line":22,"column":0},"end":{"line":22,"column":0}},"22":{"start":{"line":23,"column":0},"end":{"line":23,"column":19}},"23":{"start":{"line":24,"column":0},"end":{"line":24,"column":44}},"24":{"start":{"line":25,"column":0},"end":{"line":25,"column":1}},"25":{"start":{"line":26,"column":0},"end":{"line":26,"column":0}},"26":{"start":{"line":27,"column":0},"end":{"line":27,"column":31}},"27":{"start":{"line":28,"column":0},"end":{"line":28,"column":14}},"28":{"start":{"line":29,"column":0},"end":{"line":29,"column":19}},"29":{"start":{"line":30,"column":0},"end":{"line":30,"column":38}},"30":{"start":{"line":31,"column":0},"end":{"line":31,"column":15}},"31":{"start":{"line":32,"column":0},"end":{"line":32,"column":23}},"32":{"start":{"line":33,"column":0},"end":{"line":33,"column":20}},"33":{"start":{"line":34,"column":0},"end":{"line":34,"column":15}},"34":{"start":{"line":35,"column":0},"end":{"line":35,"column":1}}},"s":{"0":0,"1":0,"2":0,"3":0,"4":0,"5":0,"6":0,"7":0,"8":0,"9":0,"10":0,"11":0,"12":0,"13":0,"14":0,"15":0,"16":0,"17":0,"18":0,"19":0,"20":0,"21":0,"22":0,"23":0,"24":0,"25":0,"26":0,"27":0,"28":0,"29":0,"30":0,"31":0,"32":0,"33":0,"34":0},"branchMap":{"0":{"type":"branch","line":1,"loc":{"start":{"line":1,"column":0},"end":{"line":35,"column":-517}},"locations":[{"start":{"line":1,"column":0},"end":{"line":35,"column":-517}}]}},"b":{"0":[0]},"fnMap":{"0":{"name":"(empty-report)","decl":{"start":{"line":1,"column":0},"end":{"line":35,"column":-517}},"loc":{"start":{"line":1,"column":0},"end":{"line":35,"column":-517}},"line":1}},"f":{"0":0}}
,"/home/wafula/Desktop/numida-test-task/web/src/components/layout/index.ts": {"path":"/home/wafula/Desktop/numida-test-task/web/src/components/layout/index.ts","all":true,"statementMap":{"0":{"start":{"line":1,"column":0},"end":{"line":1,"column":34}}},"s":{"0":0},"branchMap":{"0":{"type":"branch","line":1,"loc":{"start":{"line":1,"column":0},"end":{"line":1,"column":34}},"locations":[{"start":{"line":1,"column":0},"end":{"line":1,"column":34}}]}},"b":{"0":[0]},"fnMap":{"0":{"name":"(empty-report)","decl":{"start":{"line":1,"column":0},"end":{"line":1,"column":34}},"loc":{"start":{"line":1,"column":0},"end":{"line":1,"column":34}},"line":1}},"f":{"0":0}}
,"/home/wafula/Desktop/numida-test-task/web/src/components/layout/Header/Header.tsx": {"path":"/home/wafula/Desktop/numida-test-task/web/src/components/layout/Header/Header.tsx","all":false,"statementMap":{"0":{"start":{"line":1,"column":0},"end":{"line":1,"column":22}},"1":{"start":{"line":2,"column":0},"end":{"line":2,"column":0}},"2":{"start":{"line":3,"column":0},"end":{"line":3,"column":23}},"3":{"start":{"line":4,"column":0},"end":{"line":4,"column":32}},"4":{"start":{"line":5,"column":0},"end":{"line":5,"column":1}},"5":{"start":{"line":6,"column":0},"end":{"line":6,"column":0}},"6":{"start":{"line":7,"column":0},"end":{"line":7,"column":60}},"7":{"start":{"line":8,"column":0},"end":{"line":8,"column":10}},"8":{"start":{"line":9,"column":0},"end":{"line":9,"column":31}},"9":{"start":{"line":10,"column":0},"end":{"line":10,"column":41}},"10":{"start":{"line":11,"column":0},"end":{"line":11,"column":13}},"11":{"start":{"line":12,"column":0},"end":{"line":12,"column":67}},"12":{"start":{"line":13,"column":0},"end":{"line":13,"column":92}},"13":{"start":{"line":14,"column":0},"end":{"line":14,"column":14}},"14":{"start":{"line":15,"column":0},"end":{"line":15,"column":71}},"15":{"start":{"line":16,"column":0},"end":{"line":16,"column":23}},"16":{"start":{"line":17,"column":0},"end":{"line":17,"column":17}},"17":{"start":{"line":18,"column":0},"end":{"line":18,"column":12}},"18":{"start":{"line":19,"column":0},"end":{"line":19,"column":13}},"19":{"start":{"line":20,"column":0},"end":{"line":20,"column":4}},"20":{"start":{"line":21,"column":0},"end":{"line":21,"column":1}}},"s":{"0":1,"1":1,"2":1,"3":1,"4":1,"5":1,"6":1,"7":19,"8":19,"9":19,"10":19,"11":19,"12":19,"13":19,"14":19,"15":19,"16":19,"17":19,"18":19,"19":19,"20":19},"branchMap":{"0":{"type":"branch","line":7,"loc":{"start":{"line":7,"column":7},"end":{"line":21,"column":1}},"locations":[{"start":{"line":7,"column":7},"end":{"line":21,"column":1}}]}},"b":{"0":[19]},"fnMap":{"0":{"name":"Header","decl":{"start":{"line":7,"column":7},"end":{"line":21,"column":1}},"loc":{"start":{"line":7,"column":7},"end":{"line":21,"column":1}},"line":7}},"f":{"0":19}}
,"/home/wafula/Desktop/numida-test-task/web/src/components/layout/Header/index.ts": {"path":"/home/wafula/Desktop/numida-test-task/web/src/components/layout/Header/index.ts","all":false,"statementMap":{"0":{"start":{"line":1,"column":0},"end":{"line":1,"column":34}}},"s":{"0":1},"branchMap":{},"b":{},"fnMap":{},"f":{}}
,"/home/wafula/Desktop/numida-test-task/web/src/components/loans/index.ts": {"path":"/home/wafula/Desktop/numida-test-task/web/src/components/loans/index.ts","all":true,"statementMap":{"0":{"start":{"line":1,"column":0},"end":{"line":1,"column":38}},"1":{"start":{"line":2,"column":0},"end":{"line":2,"column":50}},"2":{"start":{"line":3,"column":0},"end":{"line":3,"column":50}}},"s":{"0":0,"1":0,"2":0},"branchMap":{"0":{"type":"branch","line":1,"loc":{"start":{"line":1,"column":140},"end":{"line":3,"column":50}},"locations":[{"start":{"line":1,"column":140},"end":{"line":3,"column":50}}]}},"b":{"0":[0]},"fnMap":{"0":{"name":"(empty-report)","decl":{"start":{"line":1,"column":140},"end":{"line":3,"column":50}},"loc":{"start":{"line":1,"column":140},"end":{"line":3,"column":50}},"line":1}},"f":{"0":0}}
,"/home/wafula/Desktop/numida-test-task/web/src/components/loans/CalculatorCard/CalculatorCard.tsx": {"path":"/home/wafula/Desktop/numida-test-task/web/src/components/loans/CalculatorCard/CalculatorCard.tsx","all":false,"statementMap":{"0":{"start":{"line":1,"column":0},"end":{"line":1,"column":51}},"1":{"start":{"line":2,"column":0},"end":{"line":2,"column":30}},"2":{"start":{"line":3,"column":0},"end":{"line":3,"column":0}},"3":{"start":{"line":4,"column":0},"end":{"line":4,"column":34}},"4":{"start":{"line":5,"column":0},"end":{"line":5,"column":10}},"5":{"start":{"line":6,"column":0},"end":{"line":6,"column":37}},"6":{"start":{"line":7,"column":0},"end":{"line":7,"column":74}},"7":{"start":{"line":8,"column":0},"end":{"line":8,"column":50}},"8":{"start":{"line":9,"column":0},"end":{"line":9,"column":96}},"9":{"start":{"line":10,"column":0},"end":{"line":10,"column":10}},"10":{"start":{"line":11,"column":0},"end":{"line":11,"column":65}},"11":{"start":{"line":12,"column":0},"end":{"line":12,"column":10}},"12":{"start":{"line":13,"column":0},"end":{"line":13,"column":4}},"13":{"start":{"line":14,"column":0},"end":{"line":14,"column":1}}},"s":{"0":1,"1":1,"2":1,"3":1,"4":9,"5":9,"6":9,"7":9,"8":9,"9":9,"10":9,"11":9,"12":9,"13":9},"branchMap":{"0":{"type":"branch","line":4,"loc":{"start":{"line":4,"column":7},"end":{"line":14,"column":1}},"locations":[{"start":{"line":4,"column":7},"end":{"line":14,"column":1}}]}},"b":{"0":[9]},"fnMap":{"0":{"name":"CalculatorCard","decl":{"start":{"line":4,"column":7},"end":{"line":14,"column":1}},"loc":{"start":{"line":4,"column":7},"end":{"line":14,"column":1}},"line":4}},"f":{"0":9}}
,"/home/wafula/Desktop/numida-test-task/web/src/components/loans/CalculatorCard/index.ts": {"path":"/home/wafula/Desktop/numida-test-task/web/src/components/loans/CalculatorCard/index.ts","all":false,"statementMap":{"0":{"start":{"line":1,"column":0},"end":{"line":1,"column":50}}},"s":{"0":1},"branchMap":{},"b":{},"fnMap":{},"f":{}}
,"/home/wafula/Desktop/numida-test-task/web/src/components/loans/LoanCalculator/LoanCalculator.tsx": {"path":"/home/wafula/Desktop/numida-test-task/web/src/components/loans/LoanCalculator/LoanCalculator.tsx","all":false,"statementMap":{"0":{"start":{"line":1,"column":0},"end":{"line":1,"column":44}},"1":{"start":{"line":2,"column":0},"end":{"line":2,"column":30}},"2":{"start":{"line":3,"column":0},"end":{"line":3,"column":0}},"3":{"start":{"line":4,"column":0},"end":{"line":4,"column":31}},"4":{"start":{"line":5,"column":0},"end":{"line":5,"column":20}},"5":{"start":{"line":6,"column":0},"end":{"line":6,"column":15}},"6":{"start":{"line":7,"column":0},"end":{"line":7,"column":17}},"7":{"start":{"line":8,"column":0},"end":{"line":8,"column":1}},"8":{"start":{"line":9,"column":0},"end":{"line":9,"column":0}},"9":{"start":{"line":10,"column":0},"end":{"line":10,"column":82}},"10":{"start":{"line":11,"column":0},"end":{"line":11,"column":46}},"11":{"start":{"line":12,"column":0},"end":{"line":12,"column":0}},"12":{"start":{"line":13,"column":0},"end":{"line":13,"column":19}},"13":{"start":{"line":14,"column":0},"end":{"line":14,"column":51}},"14":{"start":{"line":15,"column":0},"end":{"line":15,"column":67}},"15":{"start":{"line":16,"column":0},"end":{"line":16,"column":38}},"16":{"start":{"line":17,"column":0},"end":{"line":17,"column":12}},"17":{"start":{"line":18,"column":0},"end":{"line":18,"column":21}},"18":{"start":{"line":19,"column":0},"end":{"line":19,"column":5}},"19":{"start":{"line":20,"column":0},"end":{"line":20,"column":32}},"20":{"start":{"line":21,"column":0},"end":{"line":21,"column":0}},"21":{"start":{"line":22,"column":0},"end":{"line":22,"column":10}},"22":{"start":{"line":23,"column":0},"end":{"line":23,"column":37}},"23":{"start":{"line":24,"column":0},"end":{"line":24,"column":47}},"24":{"start":{"line":25,"column":0},"end":{"line":25,"column":46}},"25":{"start":{"line":26,"column":0},"end":{"line":26,"column":67}},"26":{"start":{"line":27,"column":0},"end":{"line":27,"column":87}},"27":{"start":{"line":28,"column":0},"end":{"line":28,"column":14}},"28":{"start":{"line":29,"column":0},"end":{"line":29,"column":46}},"29":{"start":{"line":30,"column":0},"end":{"line":30,"column":71}},"30":{"start":{"line":31,"column":0},"end":{"line":31,"column":65}},"31":{"start":{"line":32,"column":0},"end":{"line":32,"column":14}},"32":{"start":{"line":33,"column":0},"end":{"line":33,"column":46}},"33":{"start":{"line":34,"column":0},"end":{"line":34,"column":66}},"34":{"start":{"line":35,"column":0},"end":{"line":35,"column":73}},"35":{"start":{"line":36,"column":0},"end":{"line":36,"column":14}},"36":{"start":{"line":37,"column":0},"end":{"line":37,"column":12}},"37":{"start":{"line":38,"column":0},"end":{"line":38,"column":48}},"38":{"start":{"line":39,"column":0},"end":{"line":39,"column":48}},"39":{"start":{"line":40,"column":0},"end":{"line":40,"column":78}},"40":{"start":{"line":41,"column":0},"end":{"line":41,"column":57}},"41":{"start":{"line":42,"column":0},"end":{"line":42,"column":105}},"42":{"start":{"line":43,"column":0},"end":{"line":43,"column":17}},"43":{"start":{"line":44,"column":0},"end":{"line":44,"column":14}},"44":{"start":{"line":45,"column":0},"end":{"line":45,"column":12}},"45":{"start":{"line":46,"column":0},"end":{"line":46,"column":10}},"46":{"start":{"line":47,"column":0},"end":{"line":47,"column":4}},"47":{"start":{"line":48,"column":0},"end":{"line":48,"column":1}}},"s":{"0":1,"1":1,"2":1,"3":1,"4":1,"5":1,"6":1,"7":1,"8":1,"9":1,"10":27,"11":27,"12":27,"13":13,"14":12,"15":12,"16":13,"17":1,"18":1,"19":27,"20":27,"21":27,"22":27,"23":27,"24":27,"25":27,"26":27,"27":27,"28":27,"29":27,"30":27,"31":27,"32":27,"33":27,"34":27,"35":27,"36":27,"37":27,"38":27,"39":27,"40":27,"41":27,"42":27,"43":27,"44":27,"45":27,"46":27,"47":27},"branchMap":{"0":{"type":"branch","line":10,"loc":{"start":{"line":10,"column":7},"end":{"line":48,"column":1}},"locations":[{"start":{"line":10,"column":7},"end":{"line":48,"column":1}}]},"1":{"type":"branch","line":13,"loc":{"start":{"line":13,"column":12},"end":{"line":20,"column":5}},"locations":[{"start":{"line":13,"column":12},"end":{"line":20,"column":5}}]},"2":{"type":"branch","line":14,"loc":{"start":{"line":14,"column":20},"end":{"line":14,"column":38}},"locations":[{"start":{"line":14,"column":20},"end":{"line":14,"column":38}}]},"3":{"type":"branch","line":14,"loc":{"start":{"line":14,"column":33},"end":{"line":14,"column":50}},"locations":[{"start":{"line":14,"column":33},"end":{"line":14,"column":50}}]},"4":{"type":"branch","line":14,"loc":{"start":{"line":14,"column":50},"end":{"line":17,"column":11}},"locations":[{"start":{"line":14,"column":50},"end":{"line":17,"column":11}}]},"5":{"type":"branch","line":17,"loc":{"start":{"line":17,"column":4},"end":{"line":19,"column":5}},"locations":[{"start":{"line":17,"column":4},"end":{"line":19,"column":5}}]}},"b":{"0":[27],"1":[13],"2":[12],"3":[12],"4":[12],"5":[1]},"fnMap":{"0":{"name":"LoanCalculator","decl":{"start":{"line":10,"column":7},"end":{"line":48,"column":1}},"loc":{"start":{"line":10,"column":7},"end":{"line":48,"column":1}},"line":10}},"f":{"0":27}}
,"/home/wafula/Desktop/numida-test-task/web/src/components/loans/LoanCalculator/index.ts": {"path":"/home/wafula/Desktop/numida-test-task/web/src/components/loans/LoanCalculator/index.ts","all":false,"statementMap":{"0":{"start":{"line":1,"column":0},"end":{"line":1,"column":50}}},"s":{"0":1},"branchMap":{},"b":{},"fnMap":{},"f":{}}
,"/home/wafula/Desktop/numida-test-task/web/src/components/loans/LoanCard/LoanCard.tsx": {"path":"/home/wafula/Desktop/numida-test-task/web/src/components/loans/LoanCard/LoanCard.tsx","all":false,"statementMap":{"0":{"start":{"line":1,"column":0},"end":{"line":1,"column":66}},"1":{"start":{"line":2,"column":0},"end":{"line":2,"column":55}},"2":{"start":{"line":3,"column":0},"end":{"line":3,"column":24}},"3":{"start":{"line":4,"column":0},"end":{"line":4,"column":0}},"4":{"start":{"line":5,"column":0},"end":{"line":5,"column":25}},"5":{"start":{"line":6,"column":0},"end":{"line":6,"column":30}},"6":{"start":{"line":7,"column":0},"end":{"line":7,"column":1}},"7":{"start":{"line":8,"column":0},"end":{"line":8,"column":0}},"8":{"start":{"line":9,"column":0},"end":{"line":9,"column":54}},"9":{"start":{"line":10,"column":0},"end":{"line":10,"column":46}},"10":{"start":{"line":11,"column":0},"end":{"line":11,"column":43}},"11":{"start":{"line":12,"column":0},"end":{"line":12,"column":24}},"12":{"start":{"line":13,"column":0},"end":{"line":13,"column":22}},"13":{"start":{"line":14,"column":0},"end":{"line":14,"column":22}},"14":{"start":{"line":15,"column":0},"end":{"line":15,"column":4}},"15":{"start":{"line":16,"column":0},"end":{"line":16,"column":0}},"16":{"start":{"line":17,"column":0},"end":{"line":17,"column":53}},"17":{"start":{"line":18,"column":0},"end":{"line":18,"column":34}},"18":{"start":{"line":19,"column":0},"end":{"line":19,"column":61}},"19":{"start":{"line":20,"column":0},"end":{"line":20,"column":22}},"20":{"start":{"line":21,"column":0},"end":{"line":21,"column":21}},"21":{"start":{"line":22,"column":0},"end":{"line":22,"column":21}},"22":{"start":{"line":23,"column":0},"end":{"line":23,"column":7}},"23":{"start":{"line":24,"column":0},"end":{"line":24,"column":4}},"24":{"start":{"line":25,"column":0},"end":{"line":25,"column":0}},"25":{"start":{"line":26,"column":0},"end":{"line":26,"column":10}},"26":{"start":{"line":27,"column":0},"end":{"line":27,"column":31}},"27":{"start":{"line":28,"column":0},"end":{"line":28,"column":41}},"28":{"start":{"line":29,"column":0},"end":{"line":29,"column":13}},"29":{"start":{"line":30,"column":0},"end":{"line":30,"column":62}},"30":{"start":{"line":31,"column":0},"end":{"line":31,"column":64}},"31":{"start":{"line":32,"column":0},"end":{"line":32,"column":14}},"32":{"start":{"line":33,"column":0},"end":{"line":33,"column":49}},"33":{"start":{"line":34,"column":0},"end":{"line":34,"column":12}},"34":{"start":{"line":35,"column":0},"end":{"line":35,"column":0}},"35":{"start":{"line":36,"column":0},"end":{"line":36,"column":39}},"36":{"start":{"line":37,"column":0},"end":{"line":37,"column":42}},"37":{"start":{"line":38,"column":0},"end":{"line":38,"column":55}},"38":{"start":{"line":39,"column":0},"end":{"line":39,"column":81}},"39":{"start":{"line":40,"column":0},"end":{"line":40,"column":14}},"40":{"start":{"line":41,"column":0},"end":{"line":41,"column":42}},"41":{"start":{"line":42,"column":0},"end":{"line":42,"column":59}},"42":{"start":{"line":43,"column":0},"end":{"line":43,"column":69}},"43":{"start":{"line":44,"column":0},"end":{"line":44,"column":14}},"44":{"start":{"line":45,"column":0},"end":{"line":45,"column":42}},"45":{"start":{"line":46,"column":0},"end":{"line":46,"column":54}},"46":{"start":{"line":47,"column":0},"end":{"line":47,"column":103}},"47":{"start":{"line":48,"column":0},"end":{"line":48,"column":14}},"48":{"start":{"line":49,"column":0},"end":{"line":49,"column":42}},"49":{"start":{"line":50,"column":0},"end":{"line":50,"column":58}},"50":{"start":{"line":51,"column":0},"end":{"line":51,"column":107}},"51":{"start":{"line":52,"column":0},"end":{"line":52,"column":14}},"52":{"start":{"line":53,"column":0},"end":{"line":53,"column":12}},"53":{"start":{"line":54,"column":0},"end":{"line":54,"column":10}},"54":{"start":{"line":55,"column":0},"end":{"line":55,"column":4}},"55":{"start":{"line":56,"column":0},"end":{"line":56,"column":1}}},"s":{"0":1,"1":1,"2":1,"3":1,"4":1,"5":1,"6":1,"7":1,"8":1,"9":33,"10":33,"11":33,"12":33,"13":33,"14":33,"15":33,"16":33,"17":66,"18":59,"19":59,"20":59,"21":59,"22":59,"23":66,"24":33,"25":33,"26":33,"27":33,"28":33,"29":33,"30":33,"31":33,"32":33,"33":33,"34":33,"35":33,"36":33,"37":33,"38":33,"39":33,"40":33,"41":33,"42":33,"43":33,"44":33,"45":33,"46":33,"47":33,"48":33,"49":33,"50":33,"51":33,"52":33,"53":33,"54":33,"55":33},"branchMap":{"0":{"type":"branch","line":9,"loc":{"start":{"line":9,"column":7},"end":{"line":56,"column":1}},"locations":[{"start":{"line":9,"column":7},"end":{"line":56,"column":1}}]},"1":{"type":"branch","line":10,"loc":{"start":{"line":10,"column":25},"end":{"line":15,"column":4}},"locations":[{"start":{"line":10,"column":25},"end":{"line":15,"column":4}}]},"2":{"type":"branch","line":17,"loc":{"start":{"line":17,"column":21},"end":{"line":24,"column":4}},"locations":[{"start":{"line":17,"column":21},"end":{"line":24,"column":4}}]},"3":{"type":"branch","line":18,"loc":{"start":{"line":18,"column":21},"end":{"line":18,"column":34}},"locations":[{"start":{"line":18,"column":21},"end":{"line":18,"column":34}}]},"4":{"type":"branch","line":18,"loc":{"start":{"line":18,"column":28},"end":{"line":23,"column":7}},"locations":[{"start":{"line":18,"column":28},"end":{"line":23,"column":7}}]}},"b":{"0":[33],"1":[33],"2":[66],"3":[7],"4":[59]},"fnMap":{"0":{"name":"LoanCard","decl":{"start":{"line":9,"column":7},"end":{"line":56,"column":1}},"loc":{"start":{"line":9,"column":7},"end":{"line":56,"column":1}},"line":9},"1":{"name":"formatCurrency","decl":{"start":{"line":10,"column":25},"end":{"line":15,"column":4}},"loc":{"start":{"line":10,"column":25},"end":{"line":15,"column":4}},"line":10},"2":{"name":"formatDate","decl":{"start":{"line":17,"column":21},"end":{"line":24,"column":4}},"loc":{"start":{"line":17,"column":21},"end":{"line":24,"column":4}},"line":17}},"f":{"0":33,"1":33,"2":66}}
,"/home/wafula/Desktop/numida-test-task/web/src/components/loans/LoanCard/index.ts": {"path":"/home/wafula/Desktop/numida-test-task/web/src/components/loans/LoanCard/index.ts","all":false,"statementMap":{"0":{"start":{"line":1,"column":0},"end":{"line":1,"column":38}}},"s":{"0":1},"branchMap":{},"b":{},"fnMap":{},"f":{}}
,"/home/wafula/Desktop/numida-test-task/web/src/components/payments/index.ts": {"path":"/home/wafula/Desktop/numida-test-task/web/src/components/payments/index.ts","all":true,"statementMap":{"0":{"start":{"line":1,"column":0},"end":{"line":1,"column":52}}},"s":{"0":0},"branchMap":{"0":{"type":"branch","line":1,"loc":{"start":{"line":1,"column":0},"end":{"line":1,"column":52}},"locations":[{"start":{"line":1,"column":0},"end":{"line":1,"column":52}}]}},"b":{"0":[0]},"fnMap":{"0":{"name":"(empty-report)","decl":{"start":{"line":1,"column":0},"end":{"line":1,"column":52}},"loc":{"start":{"line":1,"column":0},"end":{"line":1,"column":52}},"line":1}},"f":{"0":0}}
,"/home/wafula/Desktop/numida-test-task/web/src/components/payments/AddPaymentModal/AddPaymentModal.tsx": {"path":"/home/wafula/Desktop/numida-test-task/web/src/components/payments/AddPaymentModal/AddPaymentModal.tsx","all":false,"statementMap":{"0":{"start":{"line":1,"column":0},"end":{"line":1,"column":44}},"1":{"start":{"line":2,"column":0},"end":{"line":2,"column":48}},"2":{"start":{"line":3,"column":0},"end":{"line":3,"column":57}},"3":{"start":{"line":4,"column":0},"end":{"line":4,"column":53}},"4":{"start":{"line":5,"column":0},"end":{"line":5,"column":39}},"5":{"start":{"line":6,"column":0},"end":{"line":6,"column":56}},"6":{"start":{"line":7,"column":0},"end":{"line":7,"column":31}},"7":{"start":{"line":8,"column":0},"end":{"line":8,"column":0}},"8":{"start":{"line":9,"column":0},"end":{"line":9,"column":32}},"9":{"start":{"line":10,"column":0},"end":{"line":10,"column":18}},"10":{"start":{"line":11,"column":0},"end":{"line":11,"column":22}},"11":{"start":{"line":12,"column":0},"end":{"line":12,"column":30}},"12":{"start":{"line":13,"column":0},"end":{"line":13,"column":20}},"13":{"start":{"line":14,"column":0},"end":{"line":14,"column":1}},"14":{"start":{"line":15,"column":0},"end":{"line":15,"column":0}},"15":{"start":{"line":16,"column":0},"end":{"line":16,"column":99}},"16":{"start":{"line":17,"column":0},"end":{"line":17,"column":43}},"17":{"start":{"line":18,"column":0},"end":{"line":18,"column":53}},"18":{"start":{"line":19,"column":0},"end":{"line":19,"column":58}},"19":{"start":{"line":20,"column":0},"end":{"line":20,"column":58}},"20":{"start":{"line":21,"column":0},"end":{"line":21,"column":48}},"21":{"start":{"line":22,"column":0},"end":{"line":22,"column":0}},"22":{"start":{"line":23,"column":0},"end":{"line":23,"column":65}},"23":{"start":{"line":24,"column":0},"end":{"line":24,"column":23}},"24":{"start":{"line":25,"column":0},"end":{"line":25,"column":19}},"25":{"start":{"line":26,"column":0},"end":{"line":26,"column":22}},"26":{"start":{"line":27,"column":0},"end":{"line":27,"column":26}},"27":{"start":{"line":28,"column":0},"end":{"line":28,"column":0}},"28":{"start":{"line":29,"column":0},"end":{"line":29,"column":9}},"29":{"start":{"line":30,"column":0},"end":{"line":30,"column":45}},"30":{"start":{"line":31,"column":0},"end":{"line":31,"column":57}},"31":{"start":{"line":32,"column":0},"end":{"line":32,"column":48}},"32":{"start":{"line":33,"column":0},"end":{"line":33,"column":7}},"33":{"start":{"line":34,"column":0},"end":{"line":34,"column":0}},"34":{"start":{"line":35,"column":0},"end":{"line":35,"column":24}},"35":{"start":{"line":36,"column":0},"end":{"line":36,"column":27}},"36":{"start":{"line":37,"column":0},"end":{"line":37,"column":47}},"37":{"start":{"line":38,"column":0},"end":{"line":38,"column":9}},"38":{"start":{"line":39,"column":0},"end":{"line":39,"column":0}},"39":{"start":{"line":40,"column":0},"end":{"line":40,"column":23}},"40":{"start":{"line":41,"column":0},"end":{"line":41,"column":20}},"41":{"start":{"line":42,"column":0},"end":{"line":42,"column":25}},"42":{"start":{"line":43,"column":0},"end":{"line":43,"column":0}},"43":{"start":{"line":44,"column":0},"end":{"line":44,"column":27}},"44":{"start":{"line":45,"column":0},"end":{"line":45,"column":25}},"45":{"start":{"line":46,"column":0},"end":{"line":46,"column":7}},"46":{"start":{"line":47,"column":0},"end":{"line":47,"column":0}},"47":{"start":{"line":48,"column":0},"end":{"line":48,"column":24}},"48":{"start":{"line":49,"column":0},"end":{"line":49,"column":26}},"49":{"start":{"line":50,"column":0},"end":{"line":50,"column":18}},"50":{"start":{"line":51,"column":0},"end":{"line":51,"column":15}},"51":{"start":{"line":52,"column":0},"end":{"line":52,"column":19}},"52":{"start":{"line":53,"column":0},"end":{"line":53,"column":77}},"53":{"start":{"line":54,"column":0},"end":{"line":54,"column":15}},"54":{"start":{"line":55,"column":0},"end":{"line":55,"column":29}},"55":{"start":{"line":56,"column":0},"end":{"line":56,"column":5}},"56":{"start":{"line":57,"column":0},"end":{"line":57,"column":4}},"57":{"start":{"line":58,"column":0},"end":{"line":58,"column":0}},"58":{"start":{"line":59,"column":0},"end":{"line":59,"column":29}},"59":{"start":{"line":60,"column":0},"end":{"line":60,"column":24}},"60":{"start":{"line":61,"column":0},"end":{"line":61,"column":21}},"61":{"start":{"line":62,"column":0},"end":{"line":62,"column":24}},"62":{"start":{"line":63,"column":0},"end":{"line":63,"column":20}},"63":{"start":{"line":64,"column":0},"end":{"line":64,"column":25}},"64":{"start":{"line":65,"column":0},"end":{"line":65,"column":16}},"65":{"start":{"line":66,"column":0},"end":{"line":66,"column":5}},"66":{"start":{"line":67,"column":0},"end":{"line":67,"column":4}},"67":{"start":{"line":68,"column":0},"end":{"line":68,"column":0}},"68":{"start":{"line":69,"column":0},"end":{"line":69,"column":10}},"69":{"start":{"line":70,"column":0},"end":{"line":70,"column":73}},"70":{"start":{"line":71,"column":0},"end":{"line":71,"column":49}},"71":{"start":{"line":72,"column":0},"end":{"line":72,"column":0}},"72":{"start":{"line":73,"column":0},"end":{"line":73,"column":19}},"73":{"start":{"line":74,"column":0},"end":{"line":74,"column":46}},"74":{"start":{"line":75,"column":0},"end":{"line":75,"column":37}},"75":{"start":{"line":76,"column":0},"end":{"line":76,"column":14}},"76":{"start":{"line":77,"column":0},"end":{"line":77,"column":8}},"77":{"start":{"line":78,"column":0},"end":{"line":78,"column":0}},"78":{"start":{"line":79,"column":0},"end":{"line":79,"column":66}},"79":{"start":{"line":80,"column":0},"end":{"line":80,"column":44}},"80":{"start":{"line":81,"column":0},"end":{"line":81,"column":70}},"81":{"start":{"line":82,"column":0},"end":{"line":82,"column":25}},"82":{"start":{"line":83,"column":0},"end":{"line":83,"column":18}},"83":{"start":{"line":84,"column":0},"end":{"line":84,"column":17}},"84":{"start":{"line":85,"column":0},"end":{"line":85,"column":28}},"85":{"start":{"line":86,"column":0},"end":{"line":86,"column":26}},"86":{"start":{"line":87,"column":0},"end":{"line":87,"column":55}},"87":{"start":{"line":88,"column":0},"end":{"line":88,"column":20}},"88":{"start":{"line":89,"column":0},"end":{"line":89,"column":57}},"89":{"start":{"line":90,"column":0},"end":{"line":90,"column":43}},"90":{"start":{"line":91,"column":0},"end":{"line":91,"column":11}},"91":{"start":{"line":92,"column":0},"end":{"line":92,"column":57}},"92":{"start":{"line":93,"column":0},"end":{"line":93,"column":34}},"93":{"start":{"line":94,"column":0},"end":{"line":94,"column":52}},"94":{"start":{"line":95,"column":0},"end":{"line":95,"column":80}},"95":{"start":{"line":96,"column":0},"end":{"line":96,"column":23}},"96":{"start":{"line":97,"column":0},"end":{"line":97,"column":15}},"97":{"start":{"line":98,"column":0},"end":{"line":98,"column":19}},"98":{"start":{"line":99,"column":0},"end":{"line":99,"column":34}},"99":{"start":{"line":100,"column":0},"end":{"line":100,"column":67}},"100":{"start":{"line":101,"column":0},"end":{"line":101,"column":12}},"101":{"start":{"line":102,"column":0},"end":{"line":102,"column":14}},"102":{"start":{"line":103,"column":0},"end":{"line":103,"column":0}},"103":{"start":{"line":104,"column":0},"end":{"line":104,"column":44}},"104":{"start":{"line":105,"column":0},"end":{"line":105,"column":71}},"105":{"start":{"line":106,"column":0},"end":{"line":106,"column":35}},"106":{"start":{"line":107,"column":0},"end":{"line":107,"column":18}},"107":{"start":{"line":108,"column":0},"end":{"line":108,"column":16}},"108":{"start":{"line":109,"column":0},"end":{"line":109,"column":29}},"109":{"start":{"line":110,"column":0},"end":{"line":110,"column":23}},"110":{"start":{"line":111,"column":0},"end":{"line":111,"column":31}},"111":{"start":{"line":112,"column":0},"end":{"line":112,"column":60}},"112":{"start":{"line":113,"column":0},"end":{"line":113,"column":35}},"113":{"start":{"line":114,"column":0},"end":{"line":114,"column":42}},"114":{"start":{"line":115,"column":0},"end":{"line":115,"column":12}},"115":{"start":{"line":116,"column":0},"end":{"line":116,"column":14}},"116":{"start":{"line":117,"column":0},"end":{"line":117,"column":0}},"117":{"start":{"line":118,"column":0},"end":{"line":118,"column":46}},"118":{"start":{"line":119,"column":0},"end":{"line":119,"column":17}},"119":{"start":{"line":120,"column":0},"end":{"line":120,"column":25}},"120":{"start":{"line":121,"column":0},"end":{"line":121,"column":33}},"121":{"start":{"line":122,"column":0},"end":{"line":122,"column":35}},"122":{"start":{"line":123,"column":0},"end":{"line":123,"column":71}},"123":{"start":{"line":124,"column":0},"end":{"line":124,"column":11}},"124":{"start":{"line":125,"column":0},"end":{"line":125,"column":18}},"125":{"start":{"line":126,"column":0},"end":{"line":126,"column":19}},"126":{"start":{"line":127,"column":0},"end":{"line":127,"column":17}},"127":{"start":{"line":128,"column":0},"end":{"line":128,"column":25}},"128":{"start":{"line":129,"column":0},"end":{"line":129,"column":35}},"129":{"start":{"line":130,"column":0},"end":{"line":130,"column":71}},"130":{"start":{"line":131,"column":0},"end":{"line":131,"column":11}},"131":{"start":{"line":132,"column":0},"end":{"line":132,"column":29}},"132":{"start":{"line":133,"column":0},"end":{"line":133,"column":60}},"133":{"start":{"line":134,"column":0},"end":{"line":134,"column":54}},"134":{"start":{"line":135,"column":0},"end":{"line":135,"column":25}},"135":{"start":{"line":136,"column":0},"end":{"line":136,"column":21}},"136":{"start":{"line":137,"column":0},"end":{"line":137,"column":17}},"137":{"start":{"line":138,"column":0},"end":{"line":138,"column":27}},"138":{"start":{"line":139,"column":0},"end":{"line":139,"column":14}},"139":{"start":{"line":140,"column":0},"end":{"line":140,"column":19}},"140":{"start":{"line":141,"column":0},"end":{"line":141,"column":14}},"141":{"start":{"line":142,"column":0},"end":{"line":142,"column":13}},"142":{"start":{"line":143,"column":0},"end":{"line":143,"column":12}},"143":{"start":{"line":144,"column":0},"end":{"line":144,"column":4}},"144":{"start":{"line":145,"column":0},"end":{"line":145,"column":1}}},"s":{"0":1,"1":1,"2":1,"3":1,"4":1,"5":1,"6":1,"7":1,"8":1,"9":1,"10":1,"11":1,"12":1,"13":1,"14":1,"15":1,"16":43,"17":43,"18":43,"19":43,"20":43,"21":43,"22":43,"23":5,"24":5,"25":5,"26":5,"27":5,"28":5,"29":5,"30":5,"31":0,"32":0,"33":5,"34":5,"35":5,"36":5,"37":5,"38":4,"39":4,"40":4,"41":4,"42":4,"43":5,"44":1,"45":1,"46":4,"47":4,"48":4,"49":4,"50":4,"51":5,"52":1,"53":5,"54":5,"55":5,"56":5,"57":43,"58":43,"59":1,"60":1,"61":1,"62":1,"63":1,"64":1,"65":1,"66":1,"67":43,"68":43,"69":43,"70":43,"71":43,"72":43,"73":3,"74":3,"75":3,"76":43,"77":43,"78":43,"79":43,"80":43,"81":43,"82":43,"83":43,"84":43,"85":43,"86":43,"87":43,"88":43,"89":43,"90":43,"91":43,"92":43,"93":78,"94":78,"95":78,"96":43,"97":43,"98":43,"99":11,"100":43,"101":43,"102":43,"103":43,"104":43,"105":43,"106":43,"107":43,"108":43,"109":43,"110":43,"111":43,"112":43,"113":43,"114":43,"115":43,"116":43,"117":43,"118":43,"119":43,"120":43,"121":43,"122":43,"123":43,"124":43,"125":43,"126":43,"127":43,"128":43,"129":43,"130":43,"131":43,"132":5,"133":5,"134":5,"135":5,"136":38,"137":38,"138":43,"139":43,"140":43,"141":43,"142":43,"143":43,"144":43},"branchMap":{"0":{"type":"branch","line":16,"loc":{"start":{"line":16,"column":7},"end":{"line":145,"column":1}},"locations":[{"start":{"line":16,"column":7},"end":{"line":145,"column":1}}]},"1":{"type":"branch","line":71,"loc":{"start":{"line":71,"column":7},"end":{"line":71,"column":49}},"locations":[{"start":{"line":71,"column":7},"end":{"line":71,"column":49}}]},"2":{"type":"branch","line":73,"loc":{"start":{"line":73,"column":7},"end":{"line":76,"column":14}},"locations":[{"start":{"line":73,"column":7},"end":{"line":76,"column":14}}]},"3":{"type":"branch","line":89,"loc":{"start":{"line":89,"column":22},"end":{"line":89,"column":57}},"locations":[{"start":{"line":89,"column":22},"end":{"line":89,"column":57}}]},"4":{"type":"branch","line":99,"loc":{"start":{"line":99,"column":28},"end":{"line":100,"column":67}},"locations":[{"start":{"line":99,"column":28},"end":{"line":100,"column":67}}]},"5":{"type":"branch","line":132,"loc":{"start":{"line":132,"column":13},"end":{"line":136,"column":21}},"locations":[{"start":{"line":132,"column":13},"end":{"line":136,"column":21}}]},"6":{"type":"branch","line":136,"loc":{"start":{"line":136,"column":14},"end":{"line":138,"column":27}},"locations":[{"start":{"line":136,"column":14},"end":{"line":138,"column":27}}]},"7":{"type":"branch","line":23,"loc":{"start":{"line":23,"column":23},"end":{"line":57,"column":4}},"locations":[{"start":{"line":23,"column":23},"end":{"line":57,"column":4}}]},"8":{"type":"branch","line":31,"loc":{"start":{"line":31,"column":56},"end":{"line":33,"column":7}},"locations":[{"start":{"line":31,"column":56},"end":{"line":33,"column":7}}]},"9":{"type":"branch","line":37,"loc":{"start":{"line":37,"column":22},"end":{"line":37,"column":47}},"locations":[{"start":{"line":37,"column":22},"end":{"line":37,"column":47}}]},"10":{"type":"branch","line":38,"loc":{"start":{"line":38,"column":7},"end":{"line":44,"column":26}},"locations":[{"start":{"line":38,"column":7},"end":{"line":44,"column":26}}]},"11":{"type":"branch","line":44,"loc":{"start":{"line":44,"column":26},"end":{"line":46,"column":7}},"locations":[{"start":{"line":44,"column":26},"end":{"line":46,"column":7}}]},"12":{"type":"branch","line":46,"loc":{"start":{"line":46,"column":6},"end":{"line":52,"column":13}},"locations":[{"start":{"line":46,"column":6},"end":{"line":52,"column":13}}]},"13":{"type":"branch","line":52,"loc":{"start":{"line":52,"column":4},"end":{"line":54,"column":6}},"locations":[{"start":{"line":52,"column":4},"end":{"line":54,"column":6}}]},"14":{"type":"branch","line":53,"loc":{"start":{"line":53,"column":42},"end":{"line":53,"column":75}},"locations":[{"start":{"line":53,"column":42},"end":{"line":53,"column":75}}]},"15":{"type":"branch","line":48,"loc":{"start":{"line":48,"column":17},"end":{"line":51,"column":9}},"locations":[{"start":{"line":48,"column":17},"end":{"line":51,"column":9}}]},"16":{"type":"branch","line":59,"loc":{"start":{"line":59,"column":22},"end":{"line":67,"column":4}},"locations":[{"start":{"line":59,"column":22},"end":{"line":67,"column":4}}]},"17":{"type":"branch","line":87,"loc":{"start":{"line":87,"column":22},"end":{"line":87,"column":55}},"locations":[{"start":{"line":87,"column":22},"end":{"line":87,"column":55}}]},"18":{"type":"branch","line":93,"loc":{"start":{"line":93,"column":23},"end":{"line":96,"column":23}},"locations":[{"start":{"line":93,"column":23},"end":{"line":96,"column":23}}]},"19":{"type":"branch","line":112,"loc":{"start":{"line":112,"column":22},"end":{"line":112,"column":60}},"locations":[{"start":{"line":112,"column":22},"end":{"line":112,"column":60}}]}},"b":{"0":[43],"1":[1],"2":[3],"3":[38],"4":[11],"5":[5],"6":[38],"7":[5],"8":[0],"9":[4],"10":[4],"11":[1],"12":[4],"13":[1],"14":[0],"15":[4],"16":[1],"17":[6],"18":[78],"19":[1]},"fnMap":{"0":{"name":"AddPaymentModal","decl":{"start":{"line":16,"column":7},"end":{"line":145,"column":1}},"loc":{"start":{"line":16,"column":7},"end":{"line":145,"column":1}},"line":16},"1":{"name":"handleSubmit","decl":{"start":{"line":23,"column":23},"end":{"line":57,"column":4}},"loc":{"start":{"line":23,"column":23},"end":{"line":57,"column":4}},"line":23},"2":{"name":"handleClose","decl":{"start":{"line":59,"column":22},"end":{"line":67,"column":4}},"loc":{"start":{"line":59,"column":22},"end":{"line":67,"column":4}},"line":59},"3":{"name":"onChange","decl":{"start":{"line":87,"column":22},"end":{"line":87,"column":55}},"loc":{"start":{"line":87,"column":22},"end":{"line":87,"column":55}},"line":87},"4":{"name":"onChange","decl":{"start":{"line":112,"column":22},"end":{"line":112,"column":60}},"loc":{"start":{"line":112,"column":22},"end":{"line":112,"column":60}},"line":112}},"f":{"0":43,"1":5,"2":1,"3":6,"4":1}}
,"/home/wafula/Desktop/numida-test-task/web/src/components/payments/AddPaymentModal/index.ts": {"path":"/home/wafula/Desktop/numida-test-task/web/src/components/payments/AddPaymentModal/index.ts","all":false,"statementMap":{"0":{"start":{"line":1,"column":0},"end":{"line":1,"column":52}}},"s":{"0":1},"branchMap":{},"b":{},"fnMap":{},"f":{}}
,"/home/wafula/Desktop/numida-test-task/web/src/components/ui/index.ts": {"path":"/home/wafula/Desktop/numida-test-task/web/src/components/ui/index.ts","all":true,"statementMap":{"0":{"start":{"line":1,"column":0},"end":{"line":1,"column":32}},"1":{"start":{"line":2,"column":0},"end":{"line":2,"column":50}},"2":{"start":{"line":3,"column":0},"end":{"line":3,"column":46}},"3":{"start":{"line":4,"column":0},"end":{"line":4,"column":48}},"4":{"start":{"line":5,"column":0},"end":{"line":5,"column":48}}},"s":{"0":0,"1":0,"2":0,"3":0,"4":0},"branchMap":{"0":{"type":"branch","line":1,"loc":{"start":{"line":1,"column":228},"end":{"line":5,"column":48}},"locations":[{"start":{"line":1,"column":228},"end":{"line":5,"column":48}}]}},"b":{"0":[0]},"fnMap":{"0":{"name":"(empty-report)","decl":{"start":{"line":1,"column":228},"end":{"line":5,"column":48}},"loc":{"start":{"line":1,"column":228},"end":{"line":5,"column":48}},"line":1}},"f":{"0":0}}
,"/home/wafula/Desktop/numida-test-task/web/src/components/ui/ErrorBoundary/ErrorBoundary.tsx": {"path":"/home/wafula/Desktop/numida-test-task/web/src/components/ui/ErrorBoundary/ErrorBoundary.tsx","all":false,"statementMap":{"0":{"start":{"line":1,"column":0},"end":{"line":1,"column":56}},"1":{"start":{"line":2,"column":0},"end":{"line":2,"column":0}},"2":{"start":{"line":3,"column":0},"end":{"line":3,"column":17}},"3":{"start":{"line":4,"column":0},"end":{"line":4,"column":22}},"4":{"start":{"line":5,"column":0},"end":{"line":5,"column":1}},"5":{"start":{"line":6,"column":0},"end":{"line":6,"column":0}},"6":{"start":{"line":7,"column":0},"end":{"line":7,"column":17}},"7":{"start":{"line":8,"column":0},"end":{"line":8,"column":20}},"8":{"start":{"line":9,"column":0},"end":{"line":9,"column":22}},"9":{"start":{"line":10,"column":0},"end":{"line":10,"column":1}},"10":{"start":{"line":11,"column":0},"end":{"line":11,"column":0}},"11":{"start":{"line":12,"column":0},"end":{"line":12,"column":60}},"12":{"start":{"line":13,"column":0},"end":{"line":13,"column":25}},"13":{"start":{"line":14,"column":0},"end":{"line":14,"column":20}},"14":{"start":{"line":15,"column":0},"end":{"line":15,"column":16}},"15":{"start":{"line":16,"column":0},"end":{"line":16,"column":4}},"16":{"start":{"line":17,"column":0},"end":{"line":17,"column":0}},"17":{"start":{"line":18,"column":0},"end":{"line":18,"column":63}},"18":{"start":{"line":19,"column":0},"end":{"line":19,"column":37}},"19":{"start":{"line":20,"column":0},"end":{"line":20,"column":3}},"20":{"start":{"line":21,"column":0},"end":{"line":21,"column":0}},"21":{"start":{"line":22,"column":0},"end":{"line":22,"column":64}},"22":{"start":{"line":23,"column":0},"end":{"line":23,"column":55}},"23":{"start":{"line":24,"column":0},"end":{"line":24,"column":3}},"24":{"start":{"line":25,"column":0},"end":{"line":25,"column":0}},"25":{"start":{"line":26,"column":0},"end":{"line":26,"column":19}},"26":{"start":{"line":27,"column":0},"end":{"line":27,"column":30}},"27":{"start":{"line":28,"column":0},"end":{"line":28,"column":14}},"28":{"start":{"line":29,"column":0},"end":{"line":29,"column":62}},"29":{"start":{"line":30,"column":0},"end":{"line":30,"column":90}},"30":{"start":{"line":31,"column":0},"end":{"line":31,"column":64}},"31":{"start":{"line":32,"column":0},"end":{"line":32,"column":73}},"32":{"start":{"line":33,"column":0},"end":{"line":33,"column":14}},"33":{"start":{"line":34,"column":0},"end":{"line":34,"column":17}},"34":{"start":{"line":35,"column":0},"end":{"line":35,"column":28}},"35":{"start":{"line":36,"column":0},"end":{"line":36,"column":62}},"36":{"start":{"line":37,"column":0},"end":{"line":37,"column":39}},"37":{"start":{"line":38,"column":0},"end":{"line":38,"column":14}},"38":{"start":{"line":39,"column":0},"end":{"line":39,"column":20}},"39":{"start":{"line":40,"column":0},"end":{"line":40,"column":40}},"40":{"start":{"line":41,"column":0},"end":{"line":41,"column":41}},"41":{"start":{"line":42,"column":0},"end":{"line":42,"column":31}},"42":{"start":{"line":43,"column":0},"end":{"line":43,"column":29}},"43":{"start":{"line":44,"column":0},"end":{"line":44,"column":39}},"44":{"start":{"line":45,"column":0},"end":{"line":45,"column":32}},"45":{"start":{"line":46,"column":0},"end":{"line":46,"column":31}},"46":{"start":{"line":47,"column":0},"end":{"line":47,"column":30}},"47":{"start":{"line":48,"column":0},"end":{"line":48,"column":14}},"48":{"start":{"line":49,"column":0},"end":{"line":49,"column":11}},"49":{"start":{"line":50,"column":0},"end":{"line":50,"column":23}},"50":{"start":{"line":51,"column":0},"end":{"line":51,"column":19}},"51":{"start":{"line":52,"column":0},"end":{"line":52,"column":14}},"52":{"start":{"line":53,"column":0},"end":{"line":53,"column":8}},"53":{"start":{"line":54,"column":0},"end":{"line":54,"column":5}},"54":{"start":{"line":55,"column":0},"end":{"line":55,"column":0}},"55":{"start":{"line":56,"column":0},"end":{"line":56,"column":31}},"56":{"start":{"line":57,"column":0},"end":{"line":57,"column":3}},"57":{"start":{"line":58,"column":0},"end":{"line":58,"column":1}}},"s":{"0":1,"1":1,"2":1,"3":1,"4":1,"5":1,"6":1,"7":1,"8":1,"9":1,"10":1,"11":1,"12":5,"13":5,"14":5,"15":5,"16":5,"17":5,"18":4,"19":4,"20":5,"21":5,"22":2,"23":2,"24":5,"25":5,"26":9,"27":4,"28":4,"29":4,"30":4,"31":4,"32":4,"33":4,"34":4,"35":0,"36":0,"37":0,"38":4,"39":4,"40":4,"41":4,"42":4,"43":4,"44":4,"45":4,"46":4,"47":4,"48":4,"49":4,"50":4,"51":4,"52":4,"53":4,"54":5,"55":5,"56":9,"57":5},"branchMap":{"0":{"type":"branch","line":12,"loc":{"start":{"line":12,"column":7},"end":{"line":58,"column":1}},"locations":[{"start":{"line":12,"column":7},"end":{"line":58,"column":1}}]},"1":{"type":"branch","line":18,"loc":{"start":{"line":18,"column":16},"end":{"line":20,"column":3}},"locations":[{"start":{"line":18,"column":16},"end":{"line":20,"column":3}}]},"2":{"type":"branch","line":22,"loc":{"start":{"line":22,"column":9},"end":{"line":24,"column":3}},"locations":[{"start":{"line":22,"column":9},"end":{"line":24,"column":3}}]},"3":{"type":"branch","line":26,"loc":{"start":{"line":26,"column":9},"end":{"line":57,"column":3}},"locations":[{"start":{"line":26,"column":9},"end":{"line":57,"column":3}}]},"4":{"type":"branch","line":27,"loc":{"start":{"line":27,"column":29},"end":{"line":54,"column":5}},"locations":[{"start":{"line":27,"column":29},"end":{"line":54,"column":5}}]},"5":{"type":"branch","line":32,"loc":{"start":{"line":32,"column":31},"end":{"line":32,"column":73}},"locations":[{"start":{"line":32,"column":31},"end":{"line":32,"column":73}}]},"6":{"type":"branch","line":54,"loc":{"start":{"line":54,"column":4},"end":{"line":56,"column":31}},"locations":[{"start":{"line":54,"column":4},"end":{"line":56,"column":31}}]}},"b":{"0":[5],"1":[4],"2":[2],"3":[9],"4":[4],"5":[0],"6":[5]},"fnMap":{"0":{"name":"<instance_members_initializer>","decl":{"start":{"line":12,"column":7},"end":{"line":58,"column":1}},"loc":{"start":{"line":12,"column":7},"end":{"line":58,"column":1}},"line":12},"1":{"name":"getDerivedStateFromError","decl":{"start":{"line":18,"column":16},"end":{"line":20,"column":3}},"loc":{"start":{"line":18,"column":16},"end":{"line":20,"column":3}},"line":18},"2":{"name":"componentDidCatch","decl":{"start":{"line":22,"column":9},"end":{"line":24,"column":3}},"loc":{"start":{"line":22,"column":9},"end":{"line":24,"column":3}},"line":22},"3":{"name":"render","decl":{"start":{"line":26,"column":9},"end":{"line":57,"column":3}},"loc":{"start":{"line":26,"column":9},"end":{"line":57,"column":3}},"line":26},"4":{"name":"onClick","decl":{"start":{"line":35,"column":21},"end":{"line":38,"column":14}},"loc":{"start":{"line":35,"column":21},"end":{"line":38,"column":14}},"line":35}},"f":{"0":5,"1":4,"2":2,"3":9,"4":0}}
,"/home/wafula/Desktop/numida-test-task/web/src/components/ui/ErrorBoundary/index.ts": {"path":"/home/wafula/Desktop/numida-test-task/web/src/components/ui/ErrorBoundary/index.ts","all":true,"statementMap":{"0":{"start":{"line":1,"column":0},"end":{"line":1,"column":48}}},"s":{"0":0},"branchMap":{"0":{"type":"branch","line":1,"loc":{"start":{"line":1,"column":0},"end":{"line":1,"column":48}},"locations":[{"start":{"line":1,"column":0},"end":{"line":1,"column":48}}]}},"b":{"0":[0]},"fnMap":{"0":{"name":"(empty-report)","decl":{"start":{"line":1,"column":0},"end":{"line":1,"column":48}},"loc":{"start":{"line":1,"column":0},"end":{"line":1,"column":48}},"line":1}},"f":{"0":0}}
,"/home/wafula/Desktop/numida-test-task/web/src/components/ui/ErrorMessage/ErrorMessage.tsx": {"path":"/home/wafula/Desktop/numida-test-task/web/src/components/ui/ErrorMessage/ErrorMessage.tsx","all":false,"statementMap":{"0":{"start":{"line":1,"column":0},"end":{"line":1,"column":28}},"1":{"start":{"line":2,"column":0},"end":{"line":2,"column":0}},"2":{"start":{"line":3,"column":0},"end":{"line":3,"column":29}},"3":{"start":{"line":4,"column":0},"end":{"line":4,"column":18}},"4":{"start":{"line":5,"column":0},"end":{"line":5,"column":23}},"5":{"start":{"line":6,"column":0},"end":{"line":6,"column":1}},"6":{"start":{"line":7,"column":0},"end":{"line":7,"column":0}},"7":{"start":{"line":8,"column":0},"end":{"line":8,"column":71}},"8":{"start":{"line":9,"column":0},"end":{"line":9,"column":10}},"9":{"start":{"line":10,"column":0},"end":{"line":10,"column":35}},"10":{"start":{"line":11,"column":0},"end":{"line":11,"column":41}},"11":{"start":{"line":12,"column":0},"end":{"line":12,"column":41}},"12":{"start":{"line":13,"column":0},"end":{"line":13,"column":10}},"13":{"start":{"line":14,"column":0},"end":{"line":14,"column":19}},"14":{"start":{"line":15,"column":0},"end":{"line":15,"column":68}},"15":{"start":{"line":16,"column":0},"end":{"line":16,"column":15}},"16":{"start":{"line":17,"column":0},"end":{"line":17,"column":17}},"17":{"start":{"line":18,"column":0},"end":{"line":18,"column":8}},"18":{"start":{"line":19,"column":0},"end":{"line":19,"column":10}},"19":{"start":{"line":20,"column":0},"end":{"line":20,"column":4}},"20":{"start":{"line":21,"column":0},"end":{"line":21,"column":1}}},"s":{"0":1,"1":1,"2":1,"3":1,"4":1,"5":1,"6":1,"7":1,"8":7,"9":7,"10":7,"11":7,"12":7,"13":7,"14":4,"15":4,"16":4,"17":7,"18":7,"19":7,"20":7},"branchMap":{"0":{"type":"branch","line":8,"loc":{"start":{"line":8,"column":7},"end":{"line":21,"column":1}},"locations":[{"start":{"line":8,"column":7},"end":{"line":21,"column":1}}]},"1":{"type":"branch","line":14,"loc":{"start":{"line":14,"column":7},"end":{"line":17,"column":17}},"locations":[{"start":{"line":14,"column":7},"end":{"line":17,"column":17}}]}},"b":{"0":[7],"1":[4]},"fnMap":{"0":{"name":"ErrorMessage","decl":{"start":{"line":8,"column":7},"end":{"line":21,"column":1}},"loc":{"start":{"line":8,"column":7},"end":{"line":21,"column":1}},"line":8}},"f":{"0":7}}
,"/home/wafula/Desktop/numida-test-task/web/src/components/ui/ErrorMessage/index.ts": {"path":"/home/wafula/Desktop/numida-test-task/web/src/components/ui/ErrorMessage/index.ts","all":false,"statementMap":{"0":{"start":{"line":1,"column":0},"end":{"line":1,"column":46}}},"s":{"0":1},"branchMap":{},"b":{},"fnMap":{},"f":{}}
,"/home/wafula/Desktop/numida-test-task/web/src/components/ui/LoadingSpinner/LoadingSpinner.tsx": {"path":"/home/wafula/Desktop/numida-test-task/web/src/components/ui/LoadingSpinner/LoadingSpinner.tsx","all":false,"statementMap":{"0":{"start":{"line":1,"column":0},"end":{"line":1,"column":30}},"1":{"start":{"line":2,"column":0},"end":{"line":2,"column":0}},"2":{"start":{"line":3,"column":0},"end":{"line":3,"column":31}},"3":{"start":{"line":4,"column":0},"end":{"line":4,"column":38}},"4":{"start":{"line":5,"column":0},"end":{"line":5,"column":19}},"5":{"start":{"line":6,"column":0},"end":{"line":6,"column":19}},"6":{"start":{"line":7,"column":0},"end":{"line":7,"column":1}},"7":{"start":{"line":8,"column":0},"end":{"line":8,"column":0}},"8":{"start":{"line":9,"column":0},"end":{"line":9,"column":99}},"9":{"start":{"line":10,"column":0},"end":{"line":10,"column":19}},"10":{"start":{"line":11,"column":0},"end":{"line":11,"column":66}},"11":{"start":{"line":12,"column":0},"end":{"line":12,"column":4}},"12":{"start":{"line":13,"column":0},"end":{"line":13,"column":0}},"13":{"start":{"line":14,"column":0},"end":{"line":14,"column":15}},"14":{"start":{"line":15,"column":0},"end":{"line":15,"column":19}},"15":{"start":{"line":16,"column":0},"end":{"line":16,"column":3}},"16":{"start":{"line":17,"column":0},"end":{"line":17,"column":0}},"17":{"start":{"line":18,"column":0},"end":{"line":18,"column":10}},"18":{"start":{"line":19,"column":0},"end":{"line":19,"column":48}},"19":{"start":{"line":20,"column":0},"end":{"line":20,"column":15}},"20":{"start":{"line":21,"column":0},"end":{"line":21,"column":72}},"21":{"start":{"line":22,"column":0},"end":{"line":22,"column":10}},"22":{"start":{"line":23,"column":0},"end":{"line":23,"column":4}},"23":{"start":{"line":24,"column":0},"end":{"line":24,"column":1}}},"s":{"0":1,"1":1,"2":1,"3":1,"4":1,"5":1,"6":1,"7":1,"8":1,"9":18,"10":18,"11":18,"12":18,"13":18,"14":6,"15":6,"16":12,"17":12,"18":12,"19":12,"20":13,"21":18,"22":18,"23":18},"branchMap":{"0":{"type":"branch","line":9,"loc":{"start":{"line":9,"column":7},"end":{"line":24,"column":1}},"locations":[{"start":{"line":9,"column":7},"end":{"line":24,"column":1}}]},"1":{"type":"branch","line":14,"loc":{"start":{"line":14,"column":14},"end":{"line":16,"column":3}},"locations":[{"start":{"line":14,"column":14},"end":{"line":16,"column":3}}]},"2":{"type":"branch","line":16,"loc":{"start":{"line":16,"column":2},"end":{"line":21,"column":72}},"locations":[{"start":{"line":16,"column":2},"end":{"line":21,"column":72}}]},"3":{"type":"branch","line":16,"loc":{"start":{"line":16,"column":2},"end":{"line":21,"column":18}},"locations":[{"start":{"line":16,"column":2},"end":{"line":21,"column":18}}]},"4":{"type":"branch","line":21,"loc":{"start":{"line":21,"column":7},"end":{"line":21,"column":72}},"locations":[{"start":{"line":21,"column":7},"end":{"line":21,"column":72}}]}},"b":{"0":[18],"1":[6],"2":[13],"3":[12],"4":[8]},"fnMap":{"0":{"name":"LoadingSpinner","decl":{"start":{"line":9,"column":7},"end":{"line":24,"column":1}},"loc":{"start":{"line":9,"column":7},"end":{"line":24,"column":1}},"line":9}},"f":{"0":18}}
,"/home/wafula/Desktop/numida-test-task/web/src/components/ui/LoadingSpinner/index.ts": {"path":"/home/wafula/Desktop/numida-test-task/web/src/components/ui/LoadingSpinner/index.ts","all":false,"statementMap":{"0":{"start":{"line":1,"column":0},"end":{"line":1,"column":50}}},"s":{"0":1},"branchMap":{},"b":{},"fnMap":{},"f":{}}
,"/home/wafula/Desktop/numida-test-task/web/src/components/ui/Modal/Modal.tsx": {"path":"/home/wafula/Desktop/numida-test-task/web/src/components/ui/Modal/Modal.tsx","all":false,"statementMap":{"0":{"start":{"line":1,"column":0},"end":{"line":1,"column":45}},"1":{"start":{"line":2,"column":0},"end":{"line":2,"column":21}},"2":{"start":{"line":3,"column":0},"end":{"line":3,"column":0}},"3":{"start":{"line":4,"column":0},"end":{"line":4,"column":22}},"4":{"start":{"line":5,"column":0},"end":{"line":5,"column":18}},"5":{"start":{"line":6,"column":0},"end":{"line":6,"column":22}},"6":{"start":{"line":7,"column":0},"end":{"line":7,"column":16}},"7":{"start":{"line":8,"column":0},"end":{"line":8,"column":22}},"8":{"start":{"line":9,"column":0},"end":{"line":9,"column":1}},"9":{"start":{"line":10,"column":0},"end":{"line":10,"column":0}},"10":{"start":{"line":11,"column":0},"end":{"line":11,"column":73}},"11":{"start":{"line":12,"column":0},"end":{"line":12,"column":19}},"12":{"start":{"line":13,"column":0},"end":{"line":13,"column":17}},"13":{"start":{"line":14,"column":0},"end":{"line":14,"column":46}},"14":{"start":{"line":15,"column":0},"end":{"line":15,"column":12}},"15":{"start":{"line":16,"column":0},"end":{"line":16,"column":45}},"16":{"start":{"line":17,"column":0},"end":{"line":17,"column":5}},"17":{"start":{"line":18,"column":0},"end":{"line":18,"column":0}},"18":{"start":{"line":19,"column":0},"end":{"line":19,"column":18}},"19":{"start":{"line":20,"column":0},"end":{"line":20,"column":45}},"20":{"start":{"line":21,"column":0},"end":{"line":21,"column":6}},"21":{"start":{"line":22,"column":0},"end":{"line":22,"column":15}},"22":{"start":{"line":23,"column":0},"end":{"line":23,"column":0}},"23":{"start":{"line":24,"column":0},"end":{"line":24,"column":19}},"24":{"start":{"line":25,"column":0},"end":{"line":25,"column":48}},"25":{"start":{"line":26,"column":0},"end":{"line":26,"column":31}},"26":{"start":{"line":27,"column":0},"end":{"line":27,"column":18}},"27":{"start":{"line":28,"column":0},"end":{"line":28,"column":7}},"28":{"start":{"line":29,"column":0},"end":{"line":29,"column":6}},"29":{"start":{"line":30,"column":0},"end":{"line":30,"column":0}},"30":{"start":{"line":31,"column":0},"end":{"line":31,"column":17}},"31":{"start":{"line":32,"column":0},"end":{"line":32,"column":55}},"32":{"start":{"line":33,"column":0},"end":{"line":33,"column":5}},"33":{"start":{"line":34,"column":0},"end":{"line":34,"column":0}},"34":{"start":{"line":35,"column":0},"end":{"line":35,"column":18}},"35":{"start":{"line":36,"column":0},"end":{"line":36,"column":58}},"36":{"start":{"line":37,"column":0},"end":{"line":37,"column":6}},"37":{"start":{"line":38,"column":0},"end":{"line":38,"column":24}},"38":{"start":{"line":39,"column":0},"end":{"line":39,"column":0}},"39":{"start":{"line":40,"column":0},"end":{"line":40,"column":27}},"40":{"start":{"line":41,"column":0},"end":{"line":41,"column":0}},"41":{"start":{"line":42,"column":0},"end":{"line":42,"column":10}},"42":{"start":{"line":43,"column":0},"end":{"line":43,"column":54}},"43":{"start":{"line":44,"column":0},"end":{"line":44,"column":75}},"44":{"start":{"line":45,"column":0},"end":{"line":45,"column":39}},"45":{"start":{"line":46,"column":0},"end":{"line":46,"column":51}},"46":{"start":{"line":47,"column":0},"end":{"line":47,"column":61}},"47":{"start":{"line":48,"column":0},"end":{"line":48,"column":13}},"48":{"start":{"line":49,"column":0},"end":{"line":49,"column":19}},"49":{"start":{"line":50,"column":0},"end":{"line":50,"column":14}},"50":{"start":{"line":51,"column":0},"end":{"line":51,"column":53}},"51":{"start":{"line":52,"column":0},"end":{"line":52,"column":12}},"52":{"start":{"line":53,"column":0},"end":{"line":53,"column":10}},"53":{"start":{"line":54,"column":0},"end":{"line":54,"column":4}},"54":{"start":{"line":55,"column":0},"end":{"line":55,"column":1}}},"s":{"0":1,"1":1,"2":1,"3":1,"4":1,"5":1,"6":1,"7":1,"8":1,"9":1,"10":1,"11":51,"12":27,"13":17,"14":27,"15":10,"16":10,"17":27,"18":27,"19":27,"20":27,"21":51,"22":51,"23":51,"24":51,"25":11,"26":1,"27":1,"28":11,"29":51,"30":51,"31":34,"32":34,"33":51,"34":51,"35":51,"36":51,"37":51,"38":51,"39":51,"40":34,"41":34,"42":34,"43":34,"44":34,"45":34,"46":34,"47":34,"48":34,"49":34,"50":34,"51":34,"52":34,"53":34,"54":34},"branchMap":{"0":{"type":"branch","line":11,"loc":{"start":{"line":11,"column":7},"end":{"line":55,"column":1}},"locations":[{"start":{"line":11,"column":7},"end":{"line":55,"column":1}}]},"1":{"type":"branch","line":40,"loc":{"start":{"line":40,"column":15},"end":{"line":40,"column":27}},"locations":[{"start":{"line":40,"column":15},"end":{"line":40,"column":27}}]},"2":{"type":"branch","line":40,"loc":{"start":{"line":40,"column":22},"end":{"line":55,"column":1}},"locations":[{"start":{"line":40,"column":22},"end":{"line":55,"column":1}}]},"3":{"type":"branch","line":12,"loc":{"start":{"line":12,"column":12},"end":{"line":22,"column":5}},"locations":[{"start":{"line":12,"column":12},"end":{"line":22,"column":5}}]},"4":{"type":"branch","line":13,"loc":{"start":{"line":13,"column":16},"end":{"line":15,"column":11}},"locations":[{"start":{"line":13,"column":16},"end":{"line":15,"column":11}}]},"5":{"type":"branch","line":15,"loc":{"start":{"line":15,"column":4},"end":{"line":17,"column":5}},"locations":[{"start":{"line":15,"column":4},"end":{"line":17,"column":5}}]},"6":{"type":"branch","line":19,"loc":{"start":{"line":19,"column":11},"end":{"line":21,"column":6}},"locations":[{"start":{"line":19,"column":11},"end":{"line":21,"column":6}}]},"7":{"type":"branch","line":24,"loc":{"start":{"line":24,"column":12},"end":{"line":38,"column":5}},"locations":[{"start":{"line":24,"column":12},"end":{"line":38,"column":5}}]},"8":{"type":"branch","line":31,"loc":{"start":{"line":31,"column":16},"end":{"line":33,"column":5}},"locations":[{"start":{"line":31,"column":16},"end":{"line":33,"column":5}}]},"9":{"type":"branch","line":25,"loc":{"start":{"line":25,"column":25},"end":{"line":29,"column":6}},"locations":[{"start":{"line":25,"column":25},"end":{"line":29,"column":6}}]},"10":{"type":"branch","line":26,"loc":{"start":{"line":26,"column":30},"end":{"line":28,"column":7}},"locations":[{"start":{"line":26,"column":30},"end":{"line":28,"column":7}}]},"11":{"type":"branch","line":35,"loc":{"start":{"line":35,"column":11},"end":{"line":37,"column":6}},"locations":[{"start":{"line":35,"column":11},"end":{"line":37,"column":6}}]},"12":{"type":"branch","line":44,"loc":{"start":{"line":44,"column":47},"end":{"line":44,"column":75}},"locations":[{"start":{"line":44,"column":47},"end":{"line":44,"column":75}}]}},"b":{"0":[51],"1":[17],"2":[34],"3":[27],"4":[17],"5":[10],"6":[27],"7":[51],"8":[34],"9":[11],"10":[1],"11":[51],"12":[21]},"fnMap":{"0":{"name":"Modal","decl":{"start":{"line":11,"column":7},"end":{"line":55,"column":1}},"loc":{"start":{"line":11,"column":7},"end":{"line":55,"column":1}},"line":11},"1":{"name":"handleEscape","decl":{"start":{"line":25,"column":25},"end":{"line":29,"column":6}},"loc":{"start":{"line":25,"column":25},"end":{"line":29,"column":6}},"line":25},"2":{"name":"onClick","decl":{"start":{"line":44,"column":47},"end":{"line":44,"column":75}},"loc":{"start":{"line":44,"column":47},"end":{"line":44,"column":75}},"line":44}},"f":{"0":51,"1":11,"2":21}}
,"/home/wafula/Desktop/numida-test-task/web/src/components/ui/Modal/index.ts": {"path":"/home/wafula/Desktop/numida-test-task/web/src/components/ui/Modal/index.ts","all":false,"statementMap":{"0":{"start":{"line":1,"column":0},"end":{"line":1,"column":32}}},"s":{"0":1},"branchMap":{},"b":{},"fnMap":{},"f":{}}
,"/home/wafula/Desktop/numida-test-task/web/src/components/ui/PaymentStatus/PaymentStatus.tsx": {"path":"/home/wafula/Desktop/numida-test-task/web/src/components/ui/PaymentStatus/PaymentStatus.tsx","all":false,"statementMap":{"0":{"start":{"line":1,"column":0},"end":{"line":1,"column":75}},"1":{"start":{"line":2,"column":0},"end":{"line":2,"column":29}},"2":{"start":{"line":3,"column":0},"end":{"line":3,"column":0}},"3":{"start":{"line":4,"column":0},"end":{"line":4,"column":30}},"4":{"start":{"line":5,"column":0},"end":{"line":5,"column":21}},"5":{"start":{"line":6,"column":0},"end":{"line":6,"column":21}},"6":{"start":{"line":7,"column":0},"end":{"line":7,"column":1}},"7":{"start":{"line":8,"column":0},"end":{"line":8,"column":0}},"8":{"start":{"line":9,"column":0},"end":{"line":9,"column":52}},"9":{"start":{"line":10,"column":0},"end":{"line":10,"column":39}},"10":{"start":{"line":11,"column":0},"end":{"line":11,"column":33}},"11":{"start":{"line":12,"column":0},"end":{"line":12,"column":43}},"12":{"start":{"line":13,"column":0},"end":{"line":13,"column":37}},"13":{"start":{"line":14,"column":0},"end":{"line":14,"column":2}},"14":{"start":{"line":15,"column":0},"end":{"line":15,"column":0}},"15":{"start":{"line":16,"column":0},"end":{"line":16,"column":79}},"16":{"start":{"line":17,"column":0},"end":{"line":17,"column":10}},"17":{"start":{"line":18,"column":0},"end":{"line":18,"column":78}},"18":{"start":{"line":19,"column":0},"end":{"line":19,"column":14}},"19":{"start":{"line":20,"column":0},"end":{"line":20,"column":11}},"20":{"start":{"line":21,"column":0},"end":{"line":21,"column":4}},"21":{"start":{"line":22,"column":0},"end":{"line":22,"column":1}}},"s":{"0":1,"1":1,"2":1,"3":1,"4":1,"5":1,"6":1,"7":1,"8":1,"9":1,"10":1,"11":1,"12":1,"13":1,"14":1,"15":1,"16":42,"17":42,"18":42,"19":42,"20":42,"21":42},"branchMap":{"0":{"type":"branch","line":16,"loc":{"start":{"line":16,"column":7},"end":{"line":22,"column":1}},"locations":[{"start":{"line":16,"column":7},"end":{"line":22,"column":1}}]}},"b":{"0":[42]},"fnMap":{"0":{"name":"PaymentStatus","decl":{"start":{"line":16,"column":7},"end":{"line":22,"column":1}},"loc":{"start":{"line":16,"column":7},"end":{"line":22,"column":1}},"line":16}},"f":{"0":42}}
,"/home/wafula/Desktop/numida-test-task/web/src/components/ui/PaymentStatus/index.ts": {"path":"/home/wafula/Desktop/numida-test-task/web/src/components/ui/PaymentStatus/index.ts","all":false,"statementMap":{"0":{"start":{"line":1,"column":0},"end":{"line":1,"column":48}}},"s":{"0":1},"branchMap":{},"b":{},"fnMap":{},"f":{}}
,"/home/wafula/Desktop/numida-test-task/web/src/graphql/queries.ts": {"path":"/home/wafula/Desktop/numida-test-task/web/src/graphql/queries.ts","all":false,"statementMap":{"0":{"start":{"line":1,"column":0},"end":{"line":1,"column":39}},"1":{"start":{"line":2,"column":0},"end":{"line":2,"column":0}},"2":{"start":{"line":3,"column":0},"end":{"line":3,"column":36}},"3":{"start":{"line":4,"column":0},"end":{"line":4,"column":46}},"4":{"start":{"line":5,"column":0},"end":{"line":5,"column":45}},"5":{"start":{"line":6,"column":0},"end":{"line":6,"column":13}},"6":{"start":{"line":7,"column":0},"end":{"line":7,"column":10}},"7":{"start":{"line":8,"column":0},"end":{"line":8,"column":12}},"8":{"start":{"line":9,"column":0},"end":{"line":9,"column":20}},"9":{"start":{"line":10,"column":0},"end":{"line":10,"column":17}},"10":{"start":{"line":11,"column":0},"end":{"line":11,"column":15}},"11":{"start":{"line":12,"column":0},"end":{"line":12,"column":22}},"12":{"start":{"line":13,"column":0},"end":{"line":13,"column":12}},"13":{"start":{"line":14,"column":0},"end":{"line":14,"column":16}},"14":{"start":{"line":15,"column":0},"end":{"line":15,"column":21}},"15":{"start":{"line":16,"column":0},"end":{"line":16,"column":9}},"16":{"start":{"line":17,"column":0},"end":{"line":17,"column":7}},"17":{"start":{"line":18,"column":0},"end":{"line":18,"column":18}},"18":{"start":{"line":19,"column":0},"end":{"line":19,"column":12}},"19":{"start":{"line":20,"column":0},"end":{"line":20,"column":16}},"20":{"start":{"line":21,"column":0},"end":{"line":21,"column":13}},"21":{"start":{"line":22,"column":0},"end":{"line":22,"column":18}},"22":{"start":{"line":23,"column":0},"end":{"line":23,"column":15}},"23":{"start":{"line":24,"column":0},"end":{"line":24,"column":15}},"24":{"start":{"line":25,"column":0},"end":{"line":25,"column":7}},"25":{"start":{"line":26,"column":0},"end":{"line":26,"column":5}},"26":{"start":{"line":27,"column":0},"end":{"line":27,"column":3}},"27":{"start":{"line":28,"column":0},"end":{"line":28,"column":3}}},"s":{"0":1,"1":1,"2":1,"3":1,"4":1,"5":1,"6":1,"7":1,"8":1,"9":1,"10":1,"11":1,"12":1,"13":1,"14":1,"15":1,"16":1,"17":1,"18":1,"19":1,"20":1,"21":1,"22":1,"23":1,"24":1,"25":1,"26":1,"27":1},"branchMap":{},"b":{},"fnMap":{},"f":{}}
,"/home/wafula/Desktop/numida-test-task/web/src/utils/api.ts": {"path":"/home/wafula/Desktop/numida-test-task/web/src/utils/api.ts","all":false,"statementMap":{"0":{"start":{"line":1,"column":0},"end":{"line":1,"column":45}},"1":{"start":{"line":2,"column":0},"end":{"line":2,"column":0}},"2":{"start":{"line":3,"column":0},"end":{"line":3,"column":36}},"3":{"start":{"line":4,"column":0},"end":{"line":4,"column":18}},"4":{"start":{"line":5,"column":0},"end":{"line":5,"column":24}},"5":{"start":{"line":6,"column":0},"end":{"line":6,"column":1}},"6":{"start":{"line":7,"column":0},"end":{"line":7,"column":0}},"7":{"start":{"line":8,"column":0},"end":{"line":8,"column":37}},"8":{"start":{"line":9,"column":0},"end":{"line":9,"column":18}},"9":{"start":{"line":10,"column":0},"end":{"line":10,"column":12}},"10":{"start":{"line":11,"column":0},"end":{"line":11,"column":15}},"11":{"start":{"line":12,"column":0},"end":{"line":12,"column":20}},"12":{"start":{"line":13,"column":0},"end":{"line":13,"column":32}},"13":{"start":{"line":14,"column":0},"end":{"line":14,"column":4}},"14":{"start":{"line":15,"column":0},"end":{"line":15,"column":1}},"15":{"start":{"line":16,"column":0},"end":{"line":16,"column":0}},"16":{"start":{"line":17,"column":0},"end":{"line":17,"column":27}},"17":{"start":{"line":18,"column":0},"end":{"line":18,"column":16}},"18":{"start":{"line":19,"column":0},"end":{"line":19,"column":37}},"19":{"start":{"line":20,"column":0},"end":{"line":20,"column":1}},"20":{"start":{"line":21,"column":0},"end":{"line":21,"column":0}},"21":{"start":{"line":22,"column":0},"end":{"line":22,"column":33}},"22":{"start":{"line":23,"column":0},"end":{"line":23,"column":25}},"23":{"start":{"line":24,"column":0},"end":{"line":24,"column":32}},"24":{"start":{"line":25,"column":0},"end":{"line":25,"column":64}},"25":{"start":{"line":26,"column":0},"end":{"line":26,"column":19}},"26":{"start":{"line":27,"column":0},"end":{"line":27,"column":14}},"27":{"start":{"line":28,"column":0},"end":{"line":28,"column":41}},"28":{"start":{"line":29,"column":0},"end":{"line":29,"column":6}},"29":{"start":{"line":30,"column":0},"end":{"line":30,"column":31}},"30":{"start":{"line":31,"column":0},"end":{"line":31,"column":5}},"31":{"start":{"line":32,"column":0},"end":{"line":32,"column":0}},"32":{"start":{"line":33,"column":0},"end":{"line":33,"column":21}},"33":{"start":{"line":34,"column":0},"end":{"line":34,"column":50}},"34":{"start":{"line":35,"column":0},"end":{"line":35,"column":60}},"35":{"start":{"line":36,"column":0},"end":{"line":36,"column":3}},"36":{"start":{"line":37,"column":0},"end":{"line":37,"column":0}},"37":{"start":{"line":38,"column":0},"end":{"line":38,"column":25}},"38":{"start":{"line":39,"column":0},"end":{"line":39,"column":1}}},"s":{"0":1,"1":1,"2":1,"3":1,"4":1,"5":1,"6":1,"7":1,"8":1,"9":1,"10":1,"11":1,"12":1,"13":1,"14":1,"15":1,"16":1,"17":1,"18":1,"19":1,"20":1,"21":5,"22":5,"23":5,"24":5,"25":5,"26":5,"27":5,"28":5,"29":5,"30":5,"31":4,"32":5,"33":2,"34":2,"35":2,"36":2,"37":2,"38":2},"branchMap":{"0":{"type":"branch","line":22,"loc":{"start":{"line":22,"column":0},"end":{"line":39,"column":1}},"locations":[{"start":{"line":22,"column":0},"end":{"line":39,"column":1}}]},"1":{"type":"branch","line":31,"loc":{"start":{"line":31,"column":3},"end":{"line":33,"column":20}},"locations":[{"start":{"line":31,"column":3},"end":{"line":33,"column":20}}]},"2":{"type":"branch","line":33,"loc":{"start":{"line":33,"column":20},"end":{"line":39,"column":1}},"locations":[{"start":{"line":33,"column":20},"end":{"line":39,"column":1}}]},"3":{"type":"branch","line":35,"loc":{"start":{"line":35,"column":26},"end":{"line":35,"column":58}},"locations":[{"start":{"line":35,"column":26},"end":{"line":35,"column":58}}]}},"b":{"0":[5],"1":[4],"2":[2],"3":[1]},"fnMap":{"0":{"name":"addPayment","decl":{"start":{"line":22,"column":0},"end":{"line":39,"column":1}},"loc":{"start":{"line":22,"column":0},"end":{"line":39,"column":1}},"line":22}},"f":{"0":5}}
,"/home/wafula/Desktop/numida-test-task/web/src/utils/paymentStatus.ts": {"path":"/home/wafula/Desktop/numida-test-task/web/src/utils/paymentStatus.ts","all":false,"statementMap":{"0":{"start":{"line":1,"column":0},"end":{"line":1,"column":72}},"1":{"start":{"line":2,"column":0},"end":{"line":2,"column":0}},"2":{"start":{"line":3,"column":0},"end":{"line":3,"column":37}},"3":{"start":{"line":4,"column":0},"end":{"line":4,"column":13}},"4":{"start":{"line":5,"column":0},"end":{"line":5,"column":15}},"5":{"start":{"line":6,"column":0},"end":{"line":6,"column":23}},"6":{"start":{"line":7,"column":0},"end":{"line":7,"column":20}},"7":{"start":{"line":8,"column":0},"end":{"line":8,"column":18}},"8":{"start":{"line":9,"column":0},"end":{"line":9,"column":29}},"9":{"start":{"line":10,"column":0},"end":{"line":10,"column":24}},"10":{"start":{"line":11,"column":0},"end":{"line":11,"column":1}},"11":{"start":{"line":12,"column":0},"end":{"line":12,"column":0}},"12":{"start":{"line":13,"column":0},"end":{"line":13,"column":27}},"13":{"start":{"line":14,"column":0},"end":{"line":14,"column":13}},"14":{"start":{"line":15,"column":0},"end":{"line":15,"column":15}},"15":{"start":{"line":16,"column":0},"end":{"line":16,"column":23}},"16":{"start":{"line":17,"column":0},"end":{"line":17,"column":20}},"17":{"start":{"line":18,"column":0},"end":{"line":18,"column":18}},"18":{"start":{"line":19,"column":0},"end":{"line":19,"column":24}},"19":{"start":{"line":20,"column":0},"end":{"line":20,"column":15}},"20":{"start":{"line":21,"column":0},"end":{"line":21,"column":19}},"21":{"start":{"line":22,"column":0},"end":{"line":22,"column":31}},"22":{"start":{"line":23,"column":0},"end":{"line":23,"column":19}},"23":{"start":{"line":24,"column":0},"end":{"line":24,"column":1}},"24":{"start":{"line":25,"column":0},"end":{"line":25,"column":0}},"25":{"start":{"line":26,"column":0},"end":{"line":26,"column":34}},"26":{"start":{"line":27,"column":0},"end":{"line":27,"column":18}},"27":{"start":{"line":28,"column":0},"end":{"line":28,"column":28}},"28":{"start":{"line":29,"column":0},"end":{"line":29,"column":18}},"29":{"start":{"line":30,"column":0},"end":{"line":30,"column":21}},"30":{"start":{"line":31,"column":0},"end":{"line":31,"column":20}},"31":{"start":{"line":32,"column":0},"end":{"line":32,"column":3}},"32":{"start":{"line":33,"column":0},"end":{"line":33,"column":0}},"33":{"start":{"line":34,"column":0},"end":{"line":34,"column":32}},"34":{"start":{"line":35,"column":0},"end":{"line":35,"column":40}},"35":{"start":{"line":36,"column":0},"end":{"line":36,"column":2}},"36":{"start":{"line":37,"column":0},"end":{"line":37,"column":53}},"37":{"start":{"line":38,"column":0},"end":{"line":38,"column":63}},"38":{"start":{"line":39,"column":0},"end":{"line":39,"column":0}},"39":{"start":{"line":40,"column":0},"end":{"line":40,"column":22}},"40":{"start":{"line":41,"column":0},"end":{"line":41,"column":21}},"41":{"start":{"line":42,"column":0},"end":{"line":42,"column":30}},"42":{"start":{"line":43,"column":0},"end":{"line":43,"column":18}},"43":{"start":{"line":44,"column":0},"end":{"line":44,"column":10}},"44":{"start":{"line":45,"column":0},"end":{"line":45,"column":23}},"45":{"start":{"line":46,"column":0},"end":{"line":46,"column":3}},"46":{"start":{"line":47,"column":0},"end":{"line":47,"column":1}},"47":{"start":{"line":48,"column":0},"end":{"line":48,"column":0}},"48":{"start":{"line":49,"column":0},"end":{"line":49,"column":39}},"49":{"start":{"line":50,"column":0},"end":{"line":50,"column":19}},"50":{"start":{"line":51,"column":0},"end":{"line":51,"column":25}},"51":{"start":{"line":52,"column":0},"end":{"line":52,"column":47}},"52":{"start":{"line":53,"column":0},"end":{"line":53,"column":0}},"53":{"start":{"line":54,"column":0},"end":{"line":54,"column":29}},"54":{"start":{"line":55,"column":0},"end":{"line":55,"column":100}},"55":{"start":{"line":56,"column":0},"end":{"line":56,"column":4}},"56":{"start":{"line":57,"column":0},"end":{"line":57,"column":32}},"57":{"start":{"line":58,"column":0},"end":{"line":58,"column":24}},"58":{"start":{"line":59,"column":0},"end":{"line":59,"column":20}},"59":{"start":{"line":60,"column":0},"end":{"line":60,"column":24}},"60":{"start":{"line":61,"column":0},"end":{"line":61,"column":40}},"61":{"start":{"line":62,"column":0},"end":{"line":62,"column":34}},"62":{"start":{"line":63,"column":0},"end":{"line":63,"column":30}},"63":{"start":{"line":64,"column":0},"end":{"line":64,"column":26}},"64":{"start":{"line":65,"column":0},"end":{"line":65,"column":25}},"65":{"start":{"line":66,"column":0},"end":{"line":66,"column":9}},"66":{"start":{"line":67,"column":0},"end":{"line":67,"column":12}},"67":{"start":{"line":68,"column":0},"end":{"line":68,"column":39}},"68":{"start":{"line":69,"column":0},"end":{"line":69,"column":26}},"69":{"start":{"line":70,"column":0},"end":{"line":70,"column":22}},"70":{"start":{"line":71,"column":0},"end":{"line":71,"column":26}},"71":{"start":{"line":72,"column":0},"end":{"line":72,"column":42}},"72":{"start":{"line":73,"column":0},"end":{"line":73,"column":36}},"73":{"start":{"line":74,"column":0},"end":{"line":74,"column":32}},"74":{"start":{"line":75,"column":0},"end":{"line":75,"column":43}},"75":{"start":{"line":76,"column":0},"end":{"line":76,"column":71}},"76":{"start":{"line":77,"column":0},"end":{"line":77,"column":11}},"77":{"start":{"line":78,"column":0},"end":{"line":78,"column":7}},"78":{"start":{"line":79,"column":0},"end":{"line":79,"column":5}},"79":{"start":{"line":80,"column":0},"end":{"line":80,"column":3}},"80":{"start":{"line":81,"column":0},"end":{"line":81,"column":0}},"81":{"start":{"line":82,"column":0},"end":{"line":82,"column":21}},"82":{"start":{"line":83,"column":0},"end":{"line":83,"column":1}}},"s":{"0":1,"1":1,"2":1,"3":1,"4":1,"5":1,"6":1,"7":1,"8":1,"9":1,"10":1,"11":1,"12":1,"13":1,"14":1,"15":1,"16":1,"17":1,"18":1,"19":1,"20":1,"21":1,"22":1,"23":1,"24":1,"25":1,"26":37,"27":37,"28":37,"29":37,"30":1,"31":1,"32":36,"33":36,"34":36,"35":36,"36":36,"37":36,"38":36,"39":37,"40":15,"41":27,"42":12,"43":15,"44":9,"45":9,"46":37,"47":1,"48":1,"49":21,"50":21,"51":21,"52":21,"53":21,"54":31,"55":31,"56":31,"57":9,"58":9,"59":9,"60":9,"61":9,"62":9,"63":9,"64":9,"65":9,"66":31,"67":22,"68":23,"69":23,"70":23,"71":23,"72":23,"73":23,"74":23,"75":23,"76":23,"77":23,"78":22,"79":31,"80":21,"81":21,"82":21},"branchMap":{"0":{"type":"branch","line":26,"loc":{"start":{"line":26,"column":7},"end":{"line":47,"column":1}},"locations":[{"start":{"line":26,"column":7},"end":{"line":47,"column":1}}]},"1":{"type":"branch","line":30,"loc":{"start":{"line":30,"column":20},"end":{"line":32,"column":3}},"locations":[{"start":{"line":30,"column":20},"end":{"line":32,"column":3}}]},"2":{"type":"branch","line":32,"loc":{"start":{"line":32,"column":2},"end":{"line":40,"column":21}},"locations":[{"start":{"line":32,"column":2},"end":{"line":40,"column":21}}]},"3":{"type":"branch","line":40,"loc":{"start":{"line":40,"column":21},"end":{"line":46,"column":3}},"locations":[{"start":{"line":40,"column":21},"end":{"line":46,"column":3}}]},"4":{"type":"branch","line":40,"loc":{"start":{"line":40,"column":21},"end":{"line":42,"column":13}},"locations":[{"start":{"line":40,"column":21},"end":{"line":42,"column":13}}]},"5":{"type":"branch","line":42,"loc":{"start":{"line":42,"column":2},"end":{"line":46,"column":3}},"locations":[{"start":{"line":42,"column":2},"end":{"line":46,"column":3}}]},"6":{"type":"branch","line":42,"loc":{"start":{"line":42,"column":29},"end":{"line":46,"column":3}},"locations":[{"start":{"line":42,"column":29},"end":{"line":46,"column":3}}]},"7":{"type":"branch","line":42,"loc":{"start":{"line":42,"column":29},"end":{"line":44,"column":9}},"locations":[{"start":{"line":42,"column":29},"end":{"line":44,"column":9}}]},"8":{"type":"branch","line":44,"loc":{"start":{"line":44,"column":2},"end":{"line":46,"column":3}},"locations":[{"start":{"line":44,"column":2},"end":{"line":46,"column":3}}]},"9":{"type":"branch","line":49,"loc":{"start":{"line":49,"column":7},"end":{"line":83,"column":1}},"locations":[{"start":{"line":49,"column":7},"end":{"line":83,"column":1}}]},"10":{"type":"branch","line":54,"loc":{"start":{"line":54,"column":28},"end":{"line":80,"column":3}},"locations":[{"start":{"line":54,"column":28},"end":{"line":80,"column":3}}]},"11":{"type":"branch","line":55,"loc":{"start":{"line":55,"column":26},"end":{"line":55,"column":47}},"locations":[{"start":{"line":55,"column":26},"end":{"line":55,"column":47}}]},"12":{"type":"branch","line":55,"loc":{"start":{"line":55,"column":92},"end":{"line":55,"column":100}},"locations":[{"start":{"line":55,"column":92},"end":{"line":55,"column":100}}]},"13":{"type":"branch","line":57,"loc":{"start":{"line":57,"column":31},"end":{"line":67,"column":11}},"locations":[{"start":{"line":57,"column":31},"end":{"line":67,"column":11}}]},"14":{"type":"branch","line":67,"loc":{"start":{"line":67,"column":4},"end":{"line":79,"column":5}},"locations":[{"start":{"line":67,"column":4},"end":{"line":79,"column":5}}]},"15":{"type":"branch","line":68,"loc":{"start":{"line":68,"column":38},"end":{"line":78,"column":7}},"locations":[{"start":{"line":68,"column":38},"end":{"line":78,"column":7}}]},"16":{"type":"branch","line":55,"loc":{"start":{"line":55,"column":47},"end":{"line":55,"column":92}},"locations":[{"start":{"line":55,"column":47},"end":{"line":55,"column":92}}]}},"b":{"0":[37],"1":[1],"2":[36],"3":[27],"4":[15],"5":[21],"6":[15],"7":[12],"8":[9],"9":[21],"10":[31],"11":[30],"12":[1],"13":[9],"14":[22],"15":[23],"16":[24]},"fnMap":{"0":{"name":"categorizePayment","decl":{"start":{"line":26,"column":7},"end":{"line":47,"column":1}},"loc":{"start":{"line":26,"column":7},"end":{"line":47,"column":1}},"line":26},"1":{"name":"categorizeLoanPayments","decl":{"start":{"line":49,"column":7},"end":{"line":83,"column":1}},"loc":{"start":{"line":49,"column":7},"end":{"line":83,"column":1}},"line":49}},"f":{"0":37,"1":21}}
}
